2021-07-27 17:33:40,298 - 1 - hummingbot.client.hummingbot_application - INFO - start command initiated.
2021-07-27 17:33:40,549 - 1 - hummingbot.connector.exchange.binance.binance_exchange - INFO - Network status has changed to NetworkStatus.CONNECTED. Starting networking...
2021-07-27 17:33:40,826 - 1 - hummingbot.connector.exchange.binance.binance_order_book_tracker - INFO - Initialized order book for FIRO-BTC. 1/1 completed.
2021-07-27 17:33:40,829 - 1 - hummingbot.connector.exchange.binance.binance_api_user_stream_data_source - INFO - Reconnecting to wss://stream.binance.com:9443/ws/vclI9YDcmvotxiGuU8VvjMYlGSZnEokPqF4fDkxz9Doo7QSXMGIthvR5hxBb.
2021-07-27 17:33:42,004 - 1 - hummingbot.strategy.pure_market_making.pure_market_making - INFO - (FIRO-BTC) Creating 3 bid orders at (Size, Price): ['17.6 FIRO, 0.0001279 BTC', '17.6 FIRO, 0.0001277 BTC', '17.6 FIRO, 0.0001275 BTC']
2021-07-27 17:33:42,689 - 1 - hummingbot.connector.exchange.binance.binance_exchange - NETWORK - Error submitting BUY LIMIT_MAKER order to Binance for 17.60000000 FIRO-BTC 0.00012790.
Traceback (most recent call last):
  File "hummingbot/connector/exchange/binance/binance_exchange.pyx", line 887, in hummingbot.connector.exchange.binance.binance_exchange.BinanceExchange.create_order
    order_result = await self.query_api(self._binance_client.create_order, **api_params)
  File "hummingbot/connector/exchange/binance/binance_exchange.pyx", line 229, in query_api
    async with self._throttler.weighted_task(request_weight=request_weight):
  File "hummingbot/connector/exchange/binance/binance_exchange.pyx", line 241, in hummingbot.connector.exchange.binance.binance_exchange.BinanceExchange.query_api
    raise ex
  File "hummingbot/connector/exchange/binance/binance_exchange.pyx", line 231, in hummingbot.connector.exchange.binance.binance_exchange.BinanceExchange.query_api
    return await self._async_scheduler.call_async(partial(func, *args, **kwargs),
  File "/home/hummingbot/hummingbot/core/utils/async_call_scheduler.py", line 128, in call_async
    return await self.schedule_async_call(coro, timeout_seconds, app_warning_msg=app_warning_msg)
  File "/home/hummingbot/hummingbot/core/utils/async_call_scheduler.py", line 117, in schedule_async_call
    return await fut
  File "/home/hummingbot/hummingbot/core/utils/async_call_scheduler.py", line 80, in _coro_scheduler
    fut.set_result(await coro)
  File "/home/hummingbot/miniconda3/envs/hummingbot/lib/python3.8/concurrent/futures/thread.py", line 57, in run
    result = self.fn(*self.args, **self.kwargs)
  File "/home/hummingbot/miniconda3/envs/hummingbot/lib/python3.8/site-packages/binance/client.py", line 1201, in create_order
    return self._post('order', True, data=params)
  File "/home/hummingbot/miniconda3/envs/hummingbot/lib/python3.8/site-packages/binance/client.py", line 240, in _post
    return self._request_api('post', path, signed, version, **kwargs)
  File "/home/hummingbot/miniconda3/envs/hummingbot/lib/python3.8/site-packages/binance/client.py", line 202, in _request_api
    return self._request(method, uri, signed, **kwargs)
  File "/home/hummingbot/miniconda3/envs/hummingbot/lib/python3.8/site-packages/binance/client.py", line 197, in _request
    return self._handle_response()
  File "/home/hummingbot/miniconda3/envs/hummingbot/lib/python3.8/site-packages/binance/client.py", line 230, in _handle_response
    raise BinanceAPIException(self.response)
binance.exceptions.BinanceAPIException: APIError(code=-2015): Invalid API-key, IP, or permissions for action.
2021-07-27 17:33:42,697 - 1 - hummingbot.connector.exchange.binance.binance_exchange - WARNING - APIError(code=-2015): Invalid API-key, IP, or permissions for action.
2021-07-27 17:33:43,190 - 1 - hummingbot.connector.exchange.binance.binance_exchange - NETWORK - Error submitting BUY LIMIT_MAKER order to Binance for 17.60000000 FIRO-BTC 0.00012770.
Traceback (most recent call last):
  File "hummingbot/connector/exchange/binance/binance_exchange.pyx", line 887, in hummingbot.connector.exchange.binance.binance_exchange.BinanceExchange.create_order
    order_result = await self.query_api(self._binance_client.create_order, **api_params)
  File "hummingbot/connector/exchange/binance/binance_exchange.pyx", line 229, in query_api
    async with self._throttler.weighted_task(request_weight=request_weight):
  File "hummingbot/connector/exchange/binance/binance_exchange.pyx", line 241, in hummingbot.connector.exchange.binance.binance_exchange.BinanceExchange.query_api
    raise ex
  File "hummingbot/connector/exchange/binance/binance_exchange.pyx", line 231, in hummingbot.connector.exchange.binance.binance_exchange.BinanceExchange.query_api
    return await self._async_scheduler.call_async(partial(func, *args, **kwargs),
  File "/home/hummingbot/hummingbot/core/utils/async_call_scheduler.py", line 128, in call_async
    return await self.schedule_async_call(coro, timeout_seconds, app_warning_msg=app_warning_msg)
  File "/home/hummingbot/hummingbot/core/utils/async_call_scheduler.py", line 117, in schedule_async_call
    return await fut
  File "/home/hummingbot/hummingbot/core/utils/async_call_scheduler.py", line 80, in _coro_scheduler
    fut.set_result(await coro)
  File "/home/hummingbot/miniconda3/envs/hummingbot/lib/python3.8/concurrent/futures/thread.py", line 57, in run
    result = self.fn(*self.args, **self.kwargs)
  File "/home/hummingbot/miniconda3/envs/hummingbot/lib/python3.8/site-packages/binance/client.py", line 1201, in create_order
    return self._post('order', True, data=params)
  File "/home/hummingbot/miniconda3/envs/hummingbot/lib/python3.8/site-packages/binance/client.py", line 240, in _post
    return self._request_api('post', path, signed, version, **kwargs)
  File "/home/hummingbot/miniconda3/envs/hummingbot/lib/python3.8/site-packages/binance/client.py", line 202, in _request_api
    return self._request(method, uri, signed, **kwargs)
  File "/home/hummingbot/miniconda3/envs/hummingbot/lib/python3.8/site-packages/binance/client.py", line 197, in _request
    return self._handle_response()
  File "/home/hummingbot/miniconda3/envs/hummingbot/lib/python3.8/site-packages/binance/client.py", line 230, in _handle_response
    raise BinanceAPIException(self.response)
binance.exceptions.BinanceAPIException: APIError(code=-2015): Invalid API-key, IP, or permissions for action.
2021-07-27 17:33:43,193 - 1 - hummingbot.connector.exchange.binance.binance_exchange - WARNING - APIError(code=-2015): Invalid API-key, IP, or permissions for action.
2021-07-27 17:33:43,691 - 1 - hummingbot.connector.exchange.binance.binance_exchange - NETWORK - Error submitting BUY LIMIT_MAKER order to Binance for 17.60000000 FIRO-BTC 0.00012750.
Traceback (most recent call last):
  File "hummingbot/connector/exchange/binance/binance_exchange.pyx", line 887, in hummingbot.connector.exchange.binance.binance_exchange.BinanceExchange.create_order
    order_result = await self.query_api(self._binance_client.create_order, **api_params)
  File "hummingbot/connector/exchange/binance/binance_exchange.pyx", line 229, in query_api
    async with self._throttler.weighted_task(request_weight=request_weight):
  File "hummingbot/connector/exchange/binance/binance_exchange.pyx", line 241, in hummingbot.connector.exchange.binance.binance_exchange.BinanceExchange.query_api
    raise ex
  File "hummingbot/connector/exchange/binance/binance_exchange.pyx", line 231, in hummingbot.connector.exchange.binance.binance_exchange.BinanceExchange.query_api
    return await self._async_scheduler.call_async(partial(func, *args, **kwargs),
  File "/home/hummingbot/hummingbot/core/utils/async_call_scheduler.py", line 128, in call_async
    return await self.schedule_async_call(coro, timeout_seconds, app_warning_msg=app_warning_msg)
  File "/home/hummingbot/hummingbot/core/utils/async_call_scheduler.py", line 117, in schedule_async_call
    return await fut
  File "/home/hummingbot/hummingbot/core/utils/async_call_scheduler.py", line 80, in _coro_scheduler
    fut.set_result(await coro)
  File "/home/hummingbot/miniconda3/envs/hummingbot/lib/python3.8/concurrent/futures/thread.py", line 57, in run
    result = self.fn(*self.args, **self.kwargs)
  File "/home/hummingbot/miniconda3/envs/hummingbot/lib/python3.8/site-packages/binance/client.py", line 1201, in create_order
    return self._post('order', True, data=params)
  File "/home/hummingbot/miniconda3/envs/hummingbot/lib/python3.8/site-packages/binance/client.py", line 240, in _post
    return self._request_api('post', path, signed, version, **kwargs)
  File "/home/hummingbot/miniconda3/envs/hummingbot/lib/python3.8/site-packages/binance/client.py", line 202, in _request_api
    return self._request(method, uri, signed, **kwargs)
  File "/home/hummingbot/miniconda3/envs/hummingbot/lib/python3.8/site-packages/binance/client.py", line 197, in _request
    return self._handle_response()
  File "/home/hummingbot/miniconda3/envs/hummingbot/lib/python3.8/site-packages/binance/client.py", line 230, in _handle_response
    raise BinanceAPIException(self.response)
binance.exceptions.BinanceAPIException: APIError(code=-2015): Invalid API-key, IP, or permissions for action.
2021-07-27 17:33:43,694 - 1 - hummingbot.connector.exchange.binance.binance_exchange - WARNING - APIError(code=-2015): Invalid API-key, IP, or permissions for action.
2021-07-27 17:34:01,549 - 1 - hummingbot.client.hummingbot_application - INFO - stop command initiated.
2021-07-27 17:35:07,318 - 1 - hummingbot.client.hummingbot_application - INFO - start command initiated.
2021-07-27 17:35:08,016 - 1 - hummingbot.connector.exchange.binance.binance_exchange - INFO - Network status has changed to NetworkStatus.CONNECTED. Starting networking...
2021-07-27 17:35:08,290 - 1 - hummingbot.connector.exchange.binance.binance_order_book_tracker - INFO - Initialized order book for FIRO-BTC. 1/1 completed.
2021-07-27 17:35:08,294 - 1 - hummingbot.connector.exchange.binance.binance_api_user_stream_data_source - INFO - Reconnecting to wss://stream.binance.com:9443/ws/vclI9YDcmvotxiGuU8VvjMYlGSZnEokPqF4fDkxz9Doo7QSXMGIthvR5hxBb.
2021-07-27 17:35:11,001 - 1 - hummingbot.strategy.pure_market_making.pure_market_making - INFO - (FIRO-BTC) Creating 3 bid orders at (Size, Price): ['17.6 FIRO, 0.0001279 BTC', '17.6 FIRO, 0.0001277 BTC', '17.6 FIRO, 0.0001275 BTC']
2021-07-27 17:35:11,871 - 1 - hummingbot.connector.exchange.binance.binance_exchange - INFO - Created LIMIT_MAKER BUY order x-XEKWYICX-BFOBC1627407311003532 for 17.60000000 FIRO-BTC.
2021-07-27 17:35:11,891 - 1 - hummingbot.core.event.event_reporter - EVENT_LOG - {"timestamp": 1627407311.0, "type": "OrderType.LIMIT_MAKER", "trading_pair": "FIRO-BTC", "amount": "17.60000000", "price": "0.00012790", "order_id": "x-XEKWYICX-BFOBC1627407311003532", "exchange_order_id": "32505431", "leverage": 1, "position": "NILL", "event_name": "BuyOrderCreatedEvent", "event_source": "binance"}
2021-07-27 17:35:12,372 - 1 - hummingbot.connector.exchange.binance.binance_exchange - INFO - Created LIMIT_MAKER BUY order x-XEKWYICX-BFOBC1627407311003610 for 17.60000000 FIRO-BTC.
2021-07-27 17:35:12,386 - 1 - hummingbot.core.event.event_reporter - EVENT_LOG - {"timestamp": 1627407312.0, "type": "OrderType.LIMIT_MAKER", "trading_pair": "FIRO-BTC", "amount": "17.60000000", "price": "0.00012770", "order_id": "x-XEKWYICX-BFOBC1627407311003610", "exchange_order_id": "32505429", "leverage": 1, "position": "NILL", "event_name": "BuyOrderCreatedEvent", "event_source": "binance"}
2021-07-27 17:35:12,872 - 1 - hummingbot.connector.exchange.binance.binance_exchange - INFO - Created LIMIT_MAKER BUY order x-XEKWYICX-BFOBC1627407311003636 for 17.60000000 FIRO-BTC.
2021-07-27 17:35:12,885 - 1 - hummingbot.core.event.event_reporter - EVENT_LOG - {"timestamp": 1627407312.0, "type": "OrderType.LIMIT_MAKER", "trading_pair": "FIRO-BTC", "amount": "17.60000000", "price": "0.00012750", "order_id": "x-XEKWYICX-BFOBC1627407311003636", "exchange_order_id": "32505430", "leverage": 1, "position": "NILL", "event_name": "BuyOrderCreatedEvent", "event_source": "binance"}
2021-07-27 17:35:18,420 - 1 - hummingbot.client.hummingbot_application - INFO - stop command initiated.
2021-07-27 17:35:18,750 - 1 - hummingbot.connector.exchange.binance.binance_exchange - INFO - Successfully cancelled order x-XEKWYICX-BFOBC1627407311003532.
2021-07-27 17:35:18,763 - 1 - hummingbot.core.event.event_reporter - EVENT_LOG - {"timestamp": 1627407318.0, "order_id": "x-XEKWYICX-BFOBC1627407311003532", "exchange_order_id": null, "event_name": "OrderCancelledEvent", "event_source": "binance"}
2021-07-27 17:35:19,251 - 1 - hummingbot.connector.exchange.binance.binance_exchange - INFO - Successfully cancelled order x-XEKWYICX-BFOBC1627407311003610.
2021-07-27 17:35:19,263 - 1 - hummingbot.core.event.event_reporter - EVENT_LOG - {"timestamp": 1627407319.0, "order_id": "x-XEKWYICX-BFOBC1627407311003610", "exchange_order_id": null, "event_name": "OrderCancelledEvent", "event_source": "binance"}
2021-07-27 17:35:19,752 - 1 - hummingbot.connector.exchange.binance.binance_exchange - INFO - Successfully cancelled order x-XEKWYICX-BFOBC1627407311003636.
2021-07-27 17:35:19,766 - 1 - hummingbot.core.event.event_reporter - EVENT_LOG - {"timestamp": 1627407319.0, "order_id": "x-XEKWYICX-BFOBC1627407311003636", "exchange_order_id": null, "event_name": "OrderCancelledEvent", "event_source": "binance"}
2021-07-27 17:43:10,137 - 1 - hummingbot.client.hummingbot_application - INFO - start command initiated.
2021-07-27 17:43:10,383 - 1 - hummingbot.connector.exchange.binance.binance_exchange - INFO - Network status has changed to NetworkStatus.CONNECTED. Starting networking...
2021-07-27 17:43:10,794 - 1 - hummingbot.connector.exchange.binance.binance_order_book_tracker - INFO - Initialized order book for FIRO-BTC. 1/1 completed.
2021-07-27 17:43:10,796 - 1 - hummingbot.connector.exchange.binance.binance_api_user_stream_data_source - INFO - Reconnecting to wss://stream.binance.com:9443/ws/vclI9YDcmvotxiGuU8VvjMYlGSZnEokPqF4fDkxz9Doo7QSXMGIthvR5hxBb.
2021-07-27 17:43:12,002 - 1 - hummingbot.strategy.pure_market_making.pure_market_making - INFO - (FIRO-BTC) Creating 3 bid orders at (Size, Price): ['17.6 FIRO, 0.0001279 BTC', '17.6 FIRO, 0.0001277 BTC', '17.6 FIRO, 0.0001275 BTC']
2021-07-27 17:43:12,850 - 1 - hummingbot.connector.exchange.binance.binance_exchange - INFO - Created LIMIT_MAKER BUY order x-XEKWYICX-BFOBC1627407792004938 for 17.60000000 FIRO-BTC.
2021-07-27 17:43:12,868 - 1 - hummingbot.core.event.event_reporter - EVENT_LOG - {"timestamp": 1627407792.0, "type": "OrderType.LIMIT_MAKER", "trading_pair": "FIRO-BTC", "amount": "17.60000000", "price": "0.00012790", "order_id": "x-XEKWYICX-BFOBC1627407792004938", "exchange_order_id": "32505598", "leverage": 1, "position": "NILL", "event_name": "BuyOrderCreatedEvent", "event_source": "binance"}
2021-07-27 17:43:13,351 - 1 - hummingbot.connector.exchange.binance.binance_exchange - INFO - Created LIMIT_MAKER BUY order x-XEKWYICX-BFOBC1627407792005019 for 17.60000000 FIRO-BTC.
2021-07-27 17:43:13,365 - 1 - hummingbot.core.event.event_reporter - EVENT_LOG - {"timestamp": 1627407793.0, "type": "OrderType.LIMIT_MAKER", "trading_pair": "FIRO-BTC", "amount": "17.60000000", "price": "0.00012770", "order_id": "x-XEKWYICX-BFOBC1627407792005019", "exchange_order_id": "32505599", "leverage": 1, "position": "NILL", "event_name": "BuyOrderCreatedEvent", "event_source": "binance"}
2021-07-27 17:43:13,853 - 1 - hummingbot.connector.exchange.binance.binance_exchange - INFO - Created LIMIT_MAKER BUY order x-XEKWYICX-BFOBC1627407792005046 for 17.60000000 FIRO-BTC.
2021-07-27 17:43:13,865 - 1 - hummingbot.core.event.event_reporter - EVENT_LOG - {"timestamp": 1627407793.0, "type": "OrderType.LIMIT_MAKER", "trading_pair": "FIRO-BTC", "amount": "17.60000000", "price": "0.00012750", "order_id": "x-XEKWYICX-BFOBC1627407792005046", "exchange_order_id": "32505600", "leverage": 1, "position": "NILL", "event_name": "BuyOrderCreatedEvent", "event_source": "binance"}
2021-07-27 17:43:42,001 - 1 - hummingbot.strategy.pure_market_making.pure_market_making - INFO - (FIRO-BTC) Cancelling the limit order x-XEKWYICX-BFOBC1627407792004938. [clock=2021-07-27 17:43:42+00:00]
2021-07-27 17:43:42,003 - 1 - hummingbot.strategy.pure_market_making.pure_market_making - INFO - (FIRO-BTC) Cancelling the limit order x-XEKWYICX-BFOBC1627407792005019. [clock=2021-07-27 17:43:42+00:00]
2021-07-27 17:43:42,005 - 1 - hummingbot.strategy.pure_market_making.pure_market_making - INFO - (FIRO-BTC) Cancelling the limit order x-XEKWYICX-BFOBC1627407792005046. [clock=2021-07-27 17:43:42+00:00]
2021-07-27 17:43:42,236 - 1 - hummingbot.connector.exchange.binance.binance_exchange - INFO - Successfully cancelled order x-XEKWYICX-BFOBC1627407792004938.
2021-07-27 17:43:42,252 - 1 - hummingbot.core.event.event_reporter - EVENT_LOG - {"timestamp": 1627407822.0, "order_id": "x-XEKWYICX-BFOBC1627407792004938", "exchange_order_id": null, "event_name": "OrderCancelledEvent", "event_source": "binance"}
2021-07-27 17:43:42,738 - 1 - hummingbot.connector.exchange.binance.binance_exchange - INFO - Successfully cancelled order x-XEKWYICX-BFOBC1627407792005019.
2021-07-27 17:43:42,752 - 1 - hummingbot.core.event.event_reporter - EVENT_LOG - {"timestamp": 1627407822.0, "order_id": "x-XEKWYICX-BFOBC1627407792005019", "exchange_order_id": null, "event_name": "OrderCancelledEvent", "event_source": "binance"}
2021-07-27 17:43:43,239 - 1 - hummingbot.connector.exchange.binance.binance_exchange - INFO - Successfully cancelled order x-XEKWYICX-BFOBC1627407792005046.
2021-07-27 17:43:43,253 - 1 - hummingbot.core.event.event_reporter - EVENT_LOG - {"timestamp": 1627407823.0, "order_id": "x-XEKWYICX-BFOBC1627407792005046", "exchange_order_id": null, "event_name": "OrderCancelledEvent", "event_source": "binance"}
2021-07-27 17:43:44,001 - 1 - hummingbot.strategy.pure_market_making.pure_market_making - INFO - (FIRO-BTC) Creating 3 bid orders at (Size, Price): ['17.6 FIRO, 0.0001279 BTC', '17.6 FIRO, 0.0001278 BTC', '17.6 FIRO, 0.0001276 BTC']
2021-07-27 17:43:44,239 - 1 - hummingbot.connector.exchange.binance.binance_exchange - INFO - Created LIMIT_MAKER BUY order x-XEKWYICX-BFOBC1627407824003766 for 17.60000000 FIRO-BTC.
2021-07-27 17:43:44,254 - 1 - hummingbot.core.event.event_reporter - EVENT_LOG - {"timestamp": 1627407824.0, "type": "OrderType.LIMIT_MAKER", "trading_pair": "FIRO-BTC", "amount": "17.60000000", "price": "0.00012790", "order_id": "x-XEKWYICX-BFOBC1627407824003766", "exchange_order_id": "32505611", "leverage": 1, "position": "NILL", "event_name": "BuyOrderCreatedEvent", "event_source": "binance"}
2021-07-27 17:43:44,740 - 1 - hummingbot.connector.exchange.binance.binance_exchange - INFO - Created LIMIT_MAKER BUY order x-XEKWYICX-BFOBC1627407824003840 for 17.60000000 FIRO-BTC.
2021-07-27 17:43:44,750 - 1 - hummingbot.core.event.event_reporter - EVENT_LOG - {"timestamp": 1627407824.0, "type": "OrderType.LIMIT_MAKER", "trading_pair": "FIRO-BTC", "amount": "17.60000000", "price": "0.00012780", "order_id": "x-XEKWYICX-BFOBC1627407824003840", "exchange_order_id": "32505612", "leverage": 1, "position": "NILL", "event_name": "BuyOrderCreatedEvent", "event_source": "binance"}
2021-07-27 17:43:45,240 - 1 - hummingbot.connector.exchange.binance.binance_exchange - INFO - Created LIMIT_MAKER BUY order x-XEKWYICX-BFOBC1627407824003867 for 17.60000000 FIRO-BTC.
2021-07-27 17:43:45,255 - 1 - hummingbot.core.event.event_reporter - EVENT_LOG - {"timestamp": 1627407825.0, "type": "OrderType.LIMIT_MAKER", "trading_pair": "FIRO-BTC", "amount": "17.60000000", "price": "0.00012760", "order_id": "x-XEKWYICX-BFOBC1627407824003867", "exchange_order_id": "32505610", "leverage": 1, "position": "NILL", "event_name": "BuyOrderCreatedEvent", "event_source": "binance"}
2021-07-27 17:44:03,522 - 1 - hummingbot.client.hummingbot_application - INFO - stop command initiated.
2021-07-27 17:44:03,762 - 1 - hummingbot.connector.exchange.binance.binance_exchange - INFO - Successfully cancelled order x-XEKWYICX-BFOBC1627407824003766.
2021-07-27 17:44:03,776 - 1 - hummingbot.core.event.event_reporter - EVENT_LOG - {"timestamp": 1627407843.0, "order_id": "x-XEKWYICX-BFOBC1627407824003766", "exchange_order_id": null, "event_name": "OrderCancelledEvent", "event_source": "binance"}
2021-07-27 17:44:04,264 - 1 - hummingbot.connector.exchange.binance.binance_exchange - INFO - Successfully cancelled order x-XEKWYICX-BFOBC1627407824003840.
2021-07-27 17:44:04,275 - 1 - hummingbot.core.event.event_reporter - EVENT_LOG - {"timestamp": 1627407844.0, "order_id": "x-XEKWYICX-BFOBC1627407824003840", "exchange_order_id": null, "event_name": "OrderCancelledEvent", "event_source": "binance"}
2021-07-27 17:44:04,765 - 1 - hummingbot.connector.exchange.binance.binance_exchange - INFO - Successfully cancelled order x-XEKWYICX-BFOBC1627407824003867.
2021-07-27 17:44:04,777 - 1 - hummingbot.core.event.event_reporter - EVENT_LOG - {"timestamp": 1627407844.0, "order_id": "x-XEKWYICX-BFOBC1627407824003867", "exchange_order_id": null, "event_name": "OrderCancelledEvent", "event_source": "binance"}
2021-07-27 17:56:14,798 - 1 - hummingbot.client.hummingbot_application - INFO - start command initiated.
2021-07-27 17:56:15,061 - 1 - hummingbot.connector.exchange.binance.binance_exchange - INFO - Network status has changed to NetworkStatus.CONNECTED. Starting networking...
2021-07-27 17:56:15,323 - 1 - hummingbot.connector.exchange.binance.binance_order_book_tracker - INFO - Initialized order book for FIRO-BTC. 1/1 completed.
2021-07-27 17:56:15,326 - 1 - hummingbot.connector.exchange.binance.binance_api_user_stream_data_source - INFO - Reconnecting to wss://stream.binance.com:9443/ws/vclI9YDcmvotxiGuU8VvjMYlGSZnEokPqF4fDkxz9Doo7QSXMGIthvR5hxBb.
2021-07-27 17:56:21,004 - 1 - hummingbot.strategy.pure_market_making.pure_market_making - INFO - (FIRO-BTC) Creating 3 bid orders at (Size, Price): ['17.6 FIRO, 0.0001279 BTC', '17.6 FIRO, 0.0001278 BTC', '17.6 FIRO, 0.0001276 BTC']
2021-07-27 17:56:21,244 - 1 - hummingbot.connector.exchange.binance.binance_exchange - INFO - Created LIMIT_MAKER BUY order x-XEKWYICX-BFOBC1627408581006546 for 17.60000000 FIRO-BTC.
2021-07-27 17:56:21,246 - 1 - hummingbot.core.event.event_reporter - EVENT_LOG - {"timestamp": 1627408581.0, "type": "OrderType.LIMIT_MAKER", "trading_pair": "FIRO-BTC", "amount": "17.60000000", "price": "0.00012790", "order_id": "x-XEKWYICX-BFOBC1627408581006546", "exchange_order_id": "32505799", "leverage": 1, "position": "NILL", "event_name": "BuyOrderCreatedEvent", "event_source": "binance"}
2021-07-27 17:56:21,744 - 1 - hummingbot.connector.exchange.binance.binance_exchange - INFO - Created LIMIT_MAKER BUY order x-XEKWYICX-BFOBC1627408581006630 for 17.60000000 FIRO-BTC.
2021-07-27 17:56:21,746 - 1 - hummingbot.core.event.event_reporter - EVENT_LOG - {"timestamp": 1627408581.0, "type": "OrderType.LIMIT_MAKER", "trading_pair": "FIRO-BTC", "amount": "17.60000000", "price": "0.00012780", "order_id": "x-XEKWYICX-BFOBC1627408581006630", "exchange_order_id": "32505800", "leverage": 1, "position": "NILL", "event_name": "BuyOrderCreatedEvent", "event_source": "binance"}
2021-07-27 17:56:22,245 - 1 - hummingbot.connector.exchange.binance.binance_exchange - INFO - Created LIMIT_MAKER BUY order x-XEKWYICX-BFOBC1627408581006658 for 17.60000000 FIRO-BTC.
2021-07-27 17:56:22,246 - 1 - hummingbot.core.event.event_reporter - EVENT_LOG - {"timestamp": 1627408582.0, "type": "OrderType.LIMIT_MAKER", "trading_pair": "FIRO-BTC", "amount": "17.60000000", "price": "0.00012760", "order_id": "x-XEKWYICX-BFOBC1627408581006658", "exchange_order_id": "32505801", "leverage": 1, "position": "NILL", "event_name": "BuyOrderCreatedEvent", "event_source": "binance"}
2021-07-27 18:01:21,001 - 1 - hummingbot.strategy.pure_market_making.pure_market_making - INFO - (FIRO-BTC) Cancelling the limit order x-XEKWYICX-BFOBC1627408581006546. [clock=2021-07-27 18:01:21+00:00]
2021-07-27 18:01:21,007 - 1 - hummingbot.strategy.pure_market_making.pure_market_making - INFO - (FIRO-BTC) Cancelling the limit order x-XEKWYICX-BFOBC1627408581006630. [clock=2021-07-27 18:01:21+00:00]
2021-07-27 18:01:21,007 - 1 - hummingbot.strategy.pure_market_making.pure_market_making - INFO - (FIRO-BTC) Cancelling the limit order x-XEKWYICX-BFOBC1627408581006658. [clock=2021-07-27 18:01:21+00:00]
2021-07-27 18:01:21,243 - 1 - hummingbot.connector.exchange.binance.binance_exchange - INFO - Successfully cancelled order x-XEKWYICX-BFOBC1627408581006546.
2021-07-27 18:01:21,256 - 1 - hummingbot.core.event.event_reporter - EVENT_LOG - {"timestamp": 1627408881.0, "order_id": "x-XEKWYICX-BFOBC1627408581006546", "exchange_order_id": null, "event_name": "OrderCancelledEvent", "event_source": "binance"}
2021-07-27 18:01:21,744 - 1 - hummingbot.connector.exchange.binance.binance_exchange - INFO - Successfully cancelled order x-XEKWYICX-BFOBC1627408581006630.
2021-07-27 18:01:21,754 - 1 - hummingbot.core.event.event_reporter - EVENT_LOG - {"timestamp": 1627408881.0, "order_id": "x-XEKWYICX-BFOBC1627408581006630", "exchange_order_id": null, "event_name": "OrderCancelledEvent", "event_source": "binance"}
2021-07-27 18:01:22,246 - 1 - hummingbot.connector.exchange.binance.binance_exchange - INFO - Successfully cancelled order x-XEKWYICX-BFOBC1627408581006658.
2021-07-27 18:01:22,260 - 1 - hummingbot.core.event.event_reporter - EVENT_LOG - {"timestamp": 1627408882.0, "order_id": "x-XEKWYICX-BFOBC1627408581006658", "exchange_order_id": null, "event_name": "OrderCancelledEvent", "event_source": "binance"}
2021-07-27 18:01:23,001 - 1 - hummingbot.strategy.pure_market_making.pure_market_making - INFO - (FIRO-BTC) Creating 3 bid orders at (Size, Price): ['17.6 FIRO, 0.0001279 BTC', '17.6 FIRO, 0.0001277 BTC', '17.6 FIRO, 0.0001275 BTC']
2021-07-27 18:01:23,242 - 1 - hummingbot.connector.exchange.binance.binance_exchange - INFO - Created LIMIT_MAKER BUY order x-XEKWYICX-BFOBC1627408883003374 for 17.60000000 FIRO-BTC.
2021-07-27 18:01:23,244 - 1 - hummingbot.core.event.event_reporter - EVENT_LOG - {"timestamp": 1627408883.0, "type": "OrderType.LIMIT_MAKER", "trading_pair": "FIRO-BTC", "amount": "17.60000000", "price": "0.00012790", "order_id": "x-XEKWYICX-BFOBC1627408883003374", "exchange_order_id": "32505920", "leverage": 1, "position": "NILL", "event_name": "BuyOrderCreatedEvent", "event_source": "binance"}
2021-07-27 18:01:23,743 - 1 - hummingbot.connector.exchange.binance.binance_exchange - INFO - Created LIMIT_MAKER BUY order x-XEKWYICX-BFOBC1627408883003453 for 17.60000000 FIRO-BTC.
2021-07-27 18:01:23,744 - 1 - hummingbot.core.event.event_reporter - EVENT_LOG - {"timestamp": 1627408883.0, "type": "OrderType.LIMIT_MAKER", "trading_pair": "FIRO-BTC", "amount": "17.60000000", "price": "0.00012770", "order_id": "x-XEKWYICX-BFOBC1627408883003453", "exchange_order_id": "32505918", "leverage": 1, "position": "NILL", "event_name": "BuyOrderCreatedEvent", "event_source": "binance"}
2021-07-27 18:01:24,245 - 1 - hummingbot.connector.exchange.binance.binance_exchange - INFO - Created LIMIT_MAKER BUY order x-XEKWYICX-BFOBC1627408883003480 for 17.60000000 FIRO-BTC.
2021-07-27 18:01:24,247 - 1 - hummingbot.core.event.event_reporter - EVENT_LOG - {"timestamp": 1627408884.0, "type": "OrderType.LIMIT_MAKER", "trading_pair": "FIRO-BTC", "amount": "17.60000000", "price": "0.00012750", "order_id": "x-XEKWYICX-BFOBC1627408883003480", "exchange_order_id": "32505919", "leverage": 1, "position": "NILL", "event_name": "BuyOrderCreatedEvent", "event_source": "binance"}
2021-07-27 18:01:53,002 - 1 - hummingbot.strategy.pure_market_making.pure_market_making - INFO - (FIRO-BTC) Cancelling the limit order x-XEKWYICX-BFOBC1627408883003374. [clock=2021-07-27 18:01:53+00:00]
2021-07-27 18:01:53,004 - 1 - hummingbot.strategy.pure_market_making.pure_market_making - INFO - (FIRO-BTC) Cancelling the limit order x-XEKWYICX-BFOBC1627408883003453. [clock=2021-07-27 18:01:53+00:00]
2021-07-27 18:01:53,005 - 1 - hummingbot.strategy.pure_market_making.pure_market_making - INFO - (FIRO-BTC) Cancelling the limit order x-XEKWYICX-BFOBC1627408883003480. [clock=2021-07-27 18:01:53+00:00]
2021-07-27 18:01:53,248 - 1 - hummingbot.connector.exchange.binance.binance_exchange - INFO - Successfully cancelled order x-XEKWYICX-BFOBC1627408883003374.
2021-07-27 18:01:53,262 - 1 - hummingbot.core.event.event_reporter - EVENT_LOG - {"timestamp": 1627408913.0, "order_id": "x-XEKWYICX-BFOBC1627408883003374", "exchange_order_id": null, "event_name": "OrderCancelledEvent", "event_source": "binance"}
2021-07-27 18:01:53,750 - 1 - hummingbot.connector.exchange.binance.binance_exchange - INFO - Successfully cancelled order x-XEKWYICX-BFOBC1627408883003453.
2021-07-27 18:01:53,762 - 1 - hummingbot.core.event.event_reporter - EVENT_LOG - {"timestamp": 1627408913.0, "order_id": "x-XEKWYICX-BFOBC1627408883003453", "exchange_order_id": null, "event_name": "OrderCancelledEvent", "event_source": "binance"}
2021-07-27 18:01:54,251 - 1 - hummingbot.connector.exchange.binance.binance_exchange - INFO - Successfully cancelled order x-XEKWYICX-BFOBC1627408883003480.
2021-07-27 18:01:54,271 - 1 - hummingbot.core.event.event_reporter - EVENT_LOG - {"timestamp": 1627408914.0, "order_id": "x-XEKWYICX-BFOBC1627408883003480", "exchange_order_id": null, "event_name": "OrderCancelledEvent", "event_source": "binance"}
2021-07-27 18:01:55,001 - 1 - hummingbot.strategy.pure_market_making.pure_market_making - INFO - (FIRO-BTC) Creating 3 bid orders at (Size, Price): ['17.6 FIRO, 0.0001276 BTC', '17.6 FIRO, 0.0001274 BTC', '17.6 FIRO, 0.0001272 BTC']
2021-07-27 18:01:55,238 - 1 - hummingbot.connector.exchange.binance.binance_exchange - INFO - Created LIMIT_MAKER BUY order x-XEKWYICX-BFOBC1627408915003818 for 17.60000000 FIRO-BTC.
2021-07-27 18:01:55,240 - 1 - hummingbot.core.event.event_reporter - EVENT_LOG - {"timestamp": 1627408915.0, "type": "OrderType.LIMIT_MAKER", "trading_pair": "FIRO-BTC", "amount": "17.60000000", "price": "0.00012760", "order_id": "x-XEKWYICX-BFOBC1627408915003818", "exchange_order_id": "32505932", "leverage": 1, "position": "NILL", "event_name": "BuyOrderCreatedEvent", "event_source": "binance"}
2021-07-27 18:01:55,739 - 1 - hummingbot.connector.exchange.binance.binance_exchange - INFO - Created LIMIT_MAKER BUY order x-XEKWYICX-BFOBC1627408915003895 for 17.60000000 FIRO-BTC.
2021-07-27 18:01:55,739 - 1 - hummingbot.core.event.event_reporter - EVENT_LOG - {"timestamp": 1627408915.0, "type": "OrderType.LIMIT_MAKER", "trading_pair": "FIRO-BTC", "amount": "17.60000000", "price": "0.00012740", "order_id": "x-XEKWYICX-BFOBC1627408915003895", "exchange_order_id": "32505933", "leverage": 1, "position": "NILL", "event_name": "BuyOrderCreatedEvent", "event_source": "binance"}
2021-07-27 18:01:56,240 - 1 - hummingbot.connector.exchange.binance.binance_exchange - INFO - Created LIMIT_MAKER BUY order x-XEKWYICX-BFOBC1627408915003923 for 17.60000000 FIRO-BTC.
2021-07-27 18:01:56,242 - 1 - hummingbot.core.event.event_reporter - EVENT_LOG - {"timestamp": 1627408916.0, "type": "OrderType.LIMIT_MAKER", "trading_pair": "FIRO-BTC", "amount": "17.60000000", "price": "0.00012720", "order_id": "x-XEKWYICX-BFOBC1627408915003923", "exchange_order_id": "32505934", "leverage": 1, "position": "NILL", "event_name": "BuyOrderCreatedEvent", "event_source": "binance"}
2021-07-27 18:02:25,001 - 1 - hummingbot.strategy.pure_market_making.pure_market_making - INFO - (FIRO-BTC) Cancelling the limit order x-XEKWYICX-BFOBC1627408915003818. [clock=2021-07-27 18:02:25+00:00]
2021-07-27 18:02:25,004 - 1 - hummingbot.strategy.pure_market_making.pure_market_making - INFO - (FIRO-BTC) Cancelling the limit order x-XEKWYICX-BFOBC1627408915003895. [clock=2021-07-27 18:02:25+00:00]
2021-07-27 18:02:25,006 - 1 - hummingbot.strategy.pure_market_making.pure_market_making - INFO - (FIRO-BTC) Cancelling the limit order x-XEKWYICX-BFOBC1627408915003923. [clock=2021-07-27 18:02:25+00:00]
2021-07-27 18:02:25,241 - 1 - hummingbot.connector.exchange.binance.binance_exchange - INFO - Successfully cancelled order x-XEKWYICX-BFOBC1627408915003818.
2021-07-27 18:02:25,257 - 1 - hummingbot.core.event.event_reporter - EVENT_LOG - {"timestamp": 1627408945.0, "order_id": "x-XEKWYICX-BFOBC1627408915003818", "exchange_order_id": null, "event_name": "OrderCancelledEvent", "event_source": "binance"}
2021-07-27 18:02:25,741 - 1 - hummingbot.connector.exchange.binance.binance_exchange - INFO - Successfully cancelled order x-XEKWYICX-BFOBC1627408915003895.
2021-07-27 18:02:25,755 - 1 - hummingbot.core.event.event_reporter - EVENT_LOG - {"timestamp": 1627408945.0, "order_id": "x-XEKWYICX-BFOBC1627408915003895", "exchange_order_id": null, "event_name": "OrderCancelledEvent", "event_source": "binance"}
2021-07-27 18:02:26,242 - 1 - hummingbot.connector.exchange.binance.binance_exchange - INFO - Successfully cancelled order x-XEKWYICX-BFOBC1627408915003923.
2021-07-27 18:02:26,256 - 1 - hummingbot.core.event.event_reporter - EVENT_LOG - {"timestamp": 1627408946.0, "order_id": "x-XEKWYICX-BFOBC1627408915003923", "exchange_order_id": null, "event_name": "OrderCancelledEvent", "event_source": "binance"}
2021-07-27 18:02:27,001 - 1 - hummingbot.strategy.pure_market_making.pure_market_making - INFO - (FIRO-BTC) Creating 3 bid orders at (Size, Price): ['17.6 FIRO, 0.0001276 BTC', '17.6 FIRO, 0.0001275 BTC', '17.6 FIRO, 0.0001273 BTC']
2021-07-27 18:02:27,236 - 1 - hummingbot.connector.exchange.binance.binance_exchange - INFO - Created LIMIT_MAKER BUY order x-XEKWYICX-BFOBC1627408947003338 for 17.60000000 FIRO-BTC.
2021-07-27 18:02:27,239 - 1 - hummingbot.core.event.event_reporter - EVENT_LOG - {"timestamp": 1627408947.0, "type": "OrderType.LIMIT_MAKER", "trading_pair": "FIRO-BTC", "amount": "17.60000000", "price": "0.00012760", "order_id": "x-XEKWYICX-BFOBC1627408947003338", "exchange_order_id": "32505964", "leverage": 1, "position": "NILL", "event_name": "BuyOrderCreatedEvent", "event_source": "binance"}
2021-07-27 18:02:27,737 - 1 - hummingbot.connector.exchange.binance.binance_exchange - INFO - Created LIMIT_MAKER BUY order x-XEKWYICX-BFOBC1627408947003414 for 17.60000000 FIRO-BTC.
2021-07-27 18:02:27,739 - 1 - hummingbot.core.event.event_reporter - EVENT_LOG - {"timestamp": 1627408947.0, "type": "OrderType.LIMIT_MAKER", "trading_pair": "FIRO-BTC", "amount": "17.60000000", "price": "0.00012750", "order_id": "x-XEKWYICX-BFOBC1627408947003414", "exchange_order_id": "32505966", "leverage": 1, "position": "NILL", "event_name": "BuyOrderCreatedEvent", "event_source": "binance"}
2021-07-27 18:02:28,237 - 1 - hummingbot.connector.exchange.binance.binance_exchange - INFO - Created LIMIT_MAKER BUY order x-XEKWYICX-BFOBC1627408947003443 for 17.60000000 FIRO-BTC.
2021-07-27 18:02:28,239 - 1 - hummingbot.core.event.event_reporter - EVENT_LOG - {"timestamp": 1627408948.0, "type": "OrderType.LIMIT_MAKER", "trading_pair": "FIRO-BTC", "amount": "17.60000000", "price": "0.00012730", "order_id": "x-XEKWYICX-BFOBC1627408947003443", "exchange_order_id": "32505965", "leverage": 1, "position": "NILL", "event_name": "BuyOrderCreatedEvent", "event_source": "binance"}
2021-07-27 18:02:57,002 - 1 - hummingbot.strategy.pure_market_making.pure_market_making - INFO - (FIRO-BTC) Cancelling the limit order x-XEKWYICX-BFOBC1627408947003338. [clock=2021-07-27 18:02:57+00:00]
2021-07-27 18:02:57,004 - 1 - hummingbot.strategy.pure_market_making.pure_market_making - INFO - (FIRO-BTC) Cancelling the limit order x-XEKWYICX-BFOBC1627408947003414. [clock=2021-07-27 18:02:57+00:00]
2021-07-27 18:02:57,005 - 1 - hummingbot.strategy.pure_market_making.pure_market_making - INFO - (FIRO-BTC) Cancelling the limit order x-XEKWYICX-BFOBC1627408947003443. [clock=2021-07-27 18:02:57+00:00]
2021-07-27 18:02:57,243 - 1 - hummingbot.connector.exchange.binance.binance_exchange - INFO - Successfully cancelled order x-XEKWYICX-BFOBC1627408947003338.
2021-07-27 18:02:57,257 - 1 - hummingbot.core.event.event_reporter - EVENT_LOG - {"timestamp": 1627408977.0, "order_id": "x-XEKWYICX-BFOBC1627408947003338", "exchange_order_id": null, "event_name": "OrderCancelledEvent", "event_source": "binance"}
2021-07-27 18:02:57,744 - 1 - hummingbot.connector.exchange.binance.binance_exchange - INFO - Successfully cancelled order x-XEKWYICX-BFOBC1627408947003414.
2021-07-27 18:02:57,756 - 1 - hummingbot.core.event.event_reporter - EVENT_LOG - {"timestamp": 1627408977.0, "order_id": "x-XEKWYICX-BFOBC1627408947003414", "exchange_order_id": null, "event_name": "OrderCancelledEvent", "event_source": "binance"}
2021-07-27 18:02:58,245 - 1 - hummingbot.connector.exchange.binance.binance_exchange - INFO - Successfully cancelled order x-XEKWYICX-BFOBC1627408947003443.
2021-07-27 18:02:58,259 - 1 - hummingbot.core.event.event_reporter - EVENT_LOG - {"timestamp": 1627408978.0, "order_id": "x-XEKWYICX-BFOBC1627408947003443", "exchange_order_id": null, "event_name": "OrderCancelledEvent", "event_source": "binance"}
2021-07-27 18:02:59,004 - 1 - hummingbot.strategy.pure_market_making.pure_market_making - INFO - (FIRO-BTC) Creating 3 bid orders at (Size, Price): ['17.6 FIRO, 0.0001278 BTC', '17.6 FIRO, 0.0001276 BTC', '17.6 FIRO, 0.0001274 BTC']
2021-07-27 18:02:59,673 - 1 - hummingbot.connector.exchange.binance.binance_exchange - INFO - Created LIMIT_MAKER BUY order x-XEKWYICX-BFOBC1627408979006527 for 17.60000000 FIRO-BTC.
2021-07-27 18:02:59,675 - 1 - hummingbot.core.event.event_reporter - EVENT_LOG - {"timestamp": 1627408979.0, "type": "OrderType.LIMIT_MAKER", "trading_pair": "FIRO-BTC", "amount": "17.60000000", "price": "0.00012780", "order_id": "x-XEKWYICX-BFOBC1627408979006527", "exchange_order_id": "32505980", "leverage": 1, "position": "NILL", "event_name": "BuyOrderCreatedEvent", "event_source": "binance"}
2021-07-27 18:03:00,174 - 1 - hummingbot.connector.exchange.binance.binance_exchange - INFO - Created LIMIT_MAKER BUY order x-XEKWYICX-BFOBC1627408979006594 for 17.60000000 FIRO-BTC.
2021-07-27 18:03:00,174 - 1 - hummingbot.core.event.event_reporter - EVENT_LOG - {"timestamp": 1627408980.0, "type": "OrderType.LIMIT_MAKER", "trading_pair": "FIRO-BTC", "amount": "17.60000000", "price": "0.00012760", "order_id": "x-XEKWYICX-BFOBC1627408979006594", "exchange_order_id": "32505978", "leverage": 1, "position": "NILL", "event_name": "BuyOrderCreatedEvent", "event_source": "binance"}
2021-07-27 18:03:00,675 - 1 - hummingbot.connector.exchange.binance.binance_exchange - INFO - Created LIMIT_MAKER BUY order x-XEKWYICX-BFOBC1627408979006621 for 17.60000000 FIRO-BTC.
2021-07-27 18:03:00,678 - 1 - hummingbot.core.event.event_reporter - EVENT_LOG - {"timestamp": 1627408980.0, "type": "OrderType.LIMIT_MAKER", "trading_pair": "FIRO-BTC", "amount": "17.60000000", "price": "0.00012740", "order_id": "x-XEKWYICX-BFOBC1627408979006621", "exchange_order_id": "32505979", "leverage": 1, "position": "NILL", "event_name": "BuyOrderCreatedEvent", "event_source": "binance"}
2021-07-27 18:03:59,001 - 1 - hummingbot.strategy.pure_market_making.pure_market_making - INFO - (FIRO-BTC) Cancelling the limit order x-XEKWYICX-BFOBC1627408979006527. [clock=2021-07-27 18:03:59+00:00]
2021-07-27 18:03:59,001 - 1 - hummingbot.strategy.pure_market_making.pure_market_making - INFO - (FIRO-BTC) Cancelling the limit order x-XEKWYICX-BFOBC1627408979006594. [clock=2021-07-27 18:03:59+00:00]
2021-07-27 18:03:59,002 - 1 - hummingbot.strategy.pure_market_making.pure_market_making - INFO - (FIRO-BTC) Cancelling the limit order x-XEKWYICX-BFOBC1627408979006621. [clock=2021-07-27 18:03:59+00:00]
2021-07-27 18:03:59,235 - 1 - hummingbot.connector.exchange.binance.binance_exchange - INFO - Successfully cancelled order x-XEKWYICX-BFOBC1627408979006527.
2021-07-27 18:03:59,250 - 1 - hummingbot.core.event.event_reporter - EVENT_LOG - {"timestamp": 1627409039.0, "order_id": "x-XEKWYICX-BFOBC1627408979006527", "exchange_order_id": null, "event_name": "OrderCancelledEvent", "event_source": "binance"}
2021-07-27 18:03:59,736 - 1 - hummingbot.connector.exchange.binance.binance_exchange - INFO - Successfully cancelled order x-XEKWYICX-BFOBC1627408979006594.
2021-07-27 18:03:59,746 - 1 - hummingbot.core.event.event_reporter - EVENT_LOG - {"timestamp": 1627409039.0, "order_id": "x-XEKWYICX-BFOBC1627408979006594", "exchange_order_id": null, "event_name": "OrderCancelledEvent", "event_source": "binance"}
2021-07-27 18:04:00,237 - 1 - hummingbot.connector.exchange.binance.binance_exchange - INFO - Successfully cancelled order x-XEKWYICX-BFOBC1627408979006621.
2021-07-27 18:04:00,252 - 1 - hummingbot.core.event.event_reporter - EVENT_LOG - {"timestamp": 1627409040.0, "order_id": "x-XEKWYICX-BFOBC1627408979006621", "exchange_order_id": null, "event_name": "OrderCancelledEvent", "event_source": "binance"}
2021-07-27 18:04:01,001 - 1 - hummingbot.strategy.pure_market_making.pure_market_making - INFO - (FIRO-BTC) Creating 3 bid orders at (Size, Price): ['17.6 FIRO, 0.0001279 BTC', '17.6 FIRO, 0.0001277 BTC', '17.6 FIRO, 0.0001275 BTC']
2021-07-27 18:04:01,740 - 1 - hummingbot.connector.exchange.binance.binance_exchange - INFO - Created LIMIT_MAKER BUY order x-XEKWYICX-BFOBC1627409041003717 for 17.60000000 FIRO-BTC.
2021-07-27 18:04:01,742 - 1 - hummingbot.core.event.event_reporter - EVENT_LOG - {"timestamp": 1627409041.0, "type": "OrderType.LIMIT_MAKER", "trading_pair": "FIRO-BTC", "amount": "17.60000000", "price": "0.00012790", "order_id": "x-XEKWYICX-BFOBC1627409041003717", "exchange_order_id": "32506034", "leverage": 1, "position": "NILL", "event_name": "BuyOrderCreatedEvent", "event_source": "binance"}
2021-07-27 18:04:02,241 - 1 - hummingbot.connector.exchange.binance.binance_exchange - INFO - Created LIMIT_MAKER BUY order x-XEKWYICX-BFOBC1627409041003789 for 17.60000000 FIRO-BTC.
2021-07-27 18:04:02,241 - 1 - hummingbot.core.event.event_reporter - EVENT_LOG - {"timestamp": 1627409042.0, "type": "OrderType.LIMIT_MAKER", "trading_pair": "FIRO-BTC", "amount": "17.60000000", "price": "0.00012770", "order_id": "x-XEKWYICX-BFOBC1627409041003789", "exchange_order_id": "32506037", "leverage": 1, "position": "NILL", "event_name": "BuyOrderCreatedEvent", "event_source": "binance"}
2021-07-27 18:04:02,742 - 1 - hummingbot.connector.exchange.binance.binance_exchange - INFO - Created LIMIT_MAKER BUY order x-XEKWYICX-BFOBC1627409041003817 for 17.60000000 FIRO-BTC.
2021-07-27 18:04:02,742 - 1 - hummingbot.core.event.event_reporter - EVENT_LOG - {"timestamp": 1627409042.0, "type": "OrderType.LIMIT_MAKER", "trading_pair": "FIRO-BTC", "amount": "17.60000000", "price": "0.00012750", "order_id": "x-XEKWYICX-BFOBC1627409041003817", "exchange_order_id": "32506035", "leverage": 1, "position": "NILL", "event_name": "BuyOrderCreatedEvent", "event_source": "binance"}
2021-07-27 18:04:31,001 - 1 - hummingbot.strategy.pure_market_making.pure_market_making - INFO - (FIRO-BTC) Cancelling the limit order x-XEKWYICX-BFOBC1627409041003717. [clock=2021-07-27 18:04:31+00:00]
2021-07-27 18:04:31,004 - 1 - hummingbot.strategy.pure_market_making.pure_market_making - INFO - (FIRO-BTC) Cancelling the limit order x-XEKWYICX-BFOBC1627409041003789. [clock=2021-07-27 18:04:31+00:00]
2021-07-27 18:04:31,005 - 1 - hummingbot.strategy.pure_market_making.pure_market_making - INFO - (FIRO-BTC) Cancelling the limit order x-XEKWYICX-BFOBC1627409041003817. [clock=2021-07-27 18:04:31+00:00]
2021-07-27 18:04:31,672 - 1 - hummingbot.connector.exchange.binance.binance_exchange - INFO - Successfully cancelled order x-XEKWYICX-BFOBC1627409041003717.
2021-07-27 18:04:31,687 - 1 - hummingbot.core.event.event_reporter - EVENT_LOG - {"timestamp": 1627409071.0, "order_id": "x-XEKWYICX-BFOBC1627409041003717", "exchange_order_id": null, "event_name": "OrderCancelledEvent", "event_source": "binance"}
2021-07-27 18:04:32,174 - 1 - hummingbot.connector.exchange.binance.binance_exchange - INFO - Successfully cancelled order x-XEKWYICX-BFOBC1627409041003789.
2021-07-27 18:04:32,188 - 1 - hummingbot.core.event.event_reporter - EVENT_LOG - {"timestamp": 1627409072.0, "order_id": "x-XEKWYICX-BFOBC1627409041003789", "exchange_order_id": null, "event_name": "OrderCancelledEvent", "event_source": "binance"}
2021-07-27 18:04:32,675 - 1 - hummingbot.connector.exchange.binance.binance_exchange - INFO - Successfully cancelled order x-XEKWYICX-BFOBC1627409041003817.
2021-07-27 18:04:32,687 - 1 - hummingbot.core.event.event_reporter - EVENT_LOG - {"timestamp": 1627409072.0, "order_id": "x-XEKWYICX-BFOBC1627409041003817", "exchange_order_id": null, "event_name": "OrderCancelledEvent", "event_source": "binance"}
2021-07-27 18:04:33,001 - 1 - hummingbot.strategy.pure_market_making.pure_market_making - INFO - (FIRO-BTC) Creating 3 bid orders at (Size, Price): ['17.6 FIRO, 0.0001277 BTC', '17.6 FIRO, 0.0001276 BTC', '17.6 FIRO, 0.0001274 BTC']
2021-07-27 18:04:33,679 - 1 - hummingbot.connector.exchange.binance.binance_exchange - INFO - Created LIMIT_MAKER BUY order x-XEKWYICX-BFOBC1627409073003619 for 17.60000000 FIRO-BTC.
2021-07-27 18:04:33,682 - 1 - hummingbot.core.event.event_reporter - EVENT_LOG - {"timestamp": 1627409073.0, "type": "OrderType.LIMIT_MAKER", "trading_pair": "FIRO-BTC", "amount": "17.60000000", "price": "0.00012770", "order_id": "x-XEKWYICX-BFOBC1627409073003619", "exchange_order_id": "32506065", "leverage": 1, "position": "NILL", "event_name": "BuyOrderCreatedEvent", "event_source": "binance"}
2021-07-27 18:04:34,180 - 1 - hummingbot.connector.exchange.binance.binance_exchange - INFO - Created LIMIT_MAKER BUY order x-XEKWYICX-BFOBC1627409073003692 for 17.60000000 FIRO-BTC.
2021-07-27 18:04:34,182 - 1 - hummingbot.core.event.event_reporter - EVENT_LOG - {"timestamp": 1627409074.0, "type": "OrderType.LIMIT_MAKER", "trading_pair": "FIRO-BTC", "amount": "17.60000000", "price": "0.00012760", "order_id": "x-XEKWYICX-BFOBC1627409073003692", "exchange_order_id": "32506064", "leverage": 1, "position": "NILL", "event_name": "BuyOrderCreatedEvent", "event_source": "binance"}
2021-07-27 18:04:34,682 - 1 - hummingbot.connector.exchange.binance.binance_exchange - INFO - Created LIMIT_MAKER BUY order x-XEKWYICX-BFOBC1627409073003723 for 17.60000000 FIRO-BTC.
2021-07-27 18:04:34,686 - 1 - hummingbot.core.event.event_reporter - EVENT_LOG - {"timestamp": 1627409074.0, "type": "OrderType.LIMIT_MAKER", "trading_pair": "FIRO-BTC", "amount": "17.60000000", "price": "0.00012740", "order_id": "x-XEKWYICX-BFOBC1627409073003723", "exchange_order_id": "32506066", "leverage": 1, "position": "NILL", "event_name": "BuyOrderCreatedEvent", "event_source": "binance"}
2021-07-27 18:05:03,001 - 1 - hummingbot.strategy.pure_market_making.pure_market_making - INFO - (FIRO-BTC) Cancelling the limit order x-XEKWYICX-BFOBC1627409073003619. [clock=2021-07-27 18:05:03+00:00]
2021-07-27 18:05:03,003 - 1 - hummingbot.strategy.pure_market_making.pure_market_making - INFO - (FIRO-BTC) Cancelling the limit order x-XEKWYICX-BFOBC1627409073003692. [clock=2021-07-27 18:05:03+00:00]
2021-07-27 18:05:03,005 - 1 - hummingbot.strategy.pure_market_making.pure_market_making - INFO - (FIRO-BTC) Cancelling the limit order x-XEKWYICX-BFOBC1627409073003723. [clock=2021-07-27 18:05:03+00:00]
2021-07-27 18:05:03,264 - 1 - hummingbot.connector.exchange.binance.binance_exchange - INFO - Successfully cancelled order x-XEKWYICX-BFOBC1627409073003619.
2021-07-27 18:05:03,279 - 1 - hummingbot.core.event.event_reporter - EVENT_LOG - {"timestamp": 1627409103.0, "order_id": "x-XEKWYICX-BFOBC1627409073003619", "exchange_order_id": null, "event_name": "OrderCancelledEvent", "event_source": "binance"}
2021-07-27 18:05:03,764 - 1 - hummingbot.connector.exchange.binance.binance_exchange - INFO - Successfully cancelled order x-XEKWYICX-BFOBC1627409073003692.
2021-07-27 18:05:03,779 - 1 - hummingbot.core.event.event_reporter - EVENT_LOG - {"timestamp": 1627409103.0, "order_id": "x-XEKWYICX-BFOBC1627409073003692", "exchange_order_id": null, "event_name": "OrderCancelledEvent", "event_source": "binance"}
2021-07-27 18:05:04,265 - 1 - hummingbot.connector.exchange.binance.binance_exchange - INFO - Successfully cancelled order x-XEKWYICX-BFOBC1627409073003723.
2021-07-27 18:05:04,282 - 1 - hummingbot.core.event.event_reporter - EVENT_LOG - {"timestamp": 1627409104.0, "order_id": "x-XEKWYICX-BFOBC1627409073003723", "exchange_order_id": null, "event_name": "OrderCancelledEvent", "event_source": "binance"}
2021-07-27 18:05:05,001 - 1 - hummingbot.strategy.pure_market_making.pure_market_making - INFO - (FIRO-BTC) Creating 3 bid orders at (Size, Price): ['17.6 FIRO, 0.0001278 BTC', '17.6 FIRO, 0.0001276 BTC', '17.6 FIRO, 0.0001274 BTC']
2021-07-27 18:05:05,681 - 1 - hummingbot.connector.exchange.binance.binance_exchange - INFO - Created LIMIT_MAKER BUY order x-XEKWYICX-BFOBC1627409105002049 for 17.60000000 FIRO-BTC.
2021-07-27 18:05:05,681 - 1 - hummingbot.core.event.event_reporter - EVENT_LOG - {"timestamp": 1627409105.0, "type": "OrderType.LIMIT_MAKER", "trading_pair": "FIRO-BTC", "amount": "17.60000000", "price": "0.00012780", "order_id": "x-XEKWYICX-BFOBC1627409105002049", "exchange_order_id": "32506096", "leverage": 1, "position": "NILL", "event_name": "BuyOrderCreatedEvent", "event_source": "binance"}
2021-07-27 18:05:06,182 - 1 - hummingbot.connector.exchange.binance.binance_exchange - INFO - Created LIMIT_MAKER BUY order x-XEKWYICX-BFOBC1627409105002121 for 17.60000000 FIRO-BTC.
2021-07-27 18:05:06,184 - 1 - hummingbot.core.event.event_reporter - EVENT_LOG - {"timestamp": 1627409106.0, "type": "OrderType.LIMIT_MAKER", "trading_pair": "FIRO-BTC", "amount": "17.60000000", "price": "0.00012760", "order_id": "x-XEKWYICX-BFOBC1627409105002121", "exchange_order_id": "32506093", "leverage": 1, "position": "NILL", "event_name": "BuyOrderCreatedEvent", "event_source": "binance"}
2021-07-27 18:05:06,683 - 1 - hummingbot.connector.exchange.binance.binance_exchange - INFO - Created LIMIT_MAKER BUY order x-XEKWYICX-BFOBC1627409105002148 for 17.60000000 FIRO-BTC.
2021-07-27 18:05:06,685 - 1 - hummingbot.core.event.event_reporter - EVENT_LOG - {"timestamp": 1627409106.0, "type": "OrderType.LIMIT_MAKER", "trading_pair": "FIRO-BTC", "amount": "17.60000000", "price": "0.00012740", "order_id": "x-XEKWYICX-BFOBC1627409105002148", "exchange_order_id": "32506094", "leverage": 1, "position": "NILL", "event_name": "BuyOrderCreatedEvent", "event_source": "binance"}
2021-07-27 18:05:35,000 - 1 - hummingbot.strategy.pure_market_making.pure_market_making - INFO - (FIRO-BTC) Cancelling the limit order x-XEKWYICX-BFOBC1627409105002049. [clock=2021-07-27 18:05:35+00:00]
2021-07-27 18:05:35,005 - 1 - hummingbot.strategy.pure_market_making.pure_market_making - INFO - (FIRO-BTC) Cancelling the limit order x-XEKWYICX-BFOBC1627409105002121. [clock=2021-07-27 18:05:35+00:00]
2021-07-27 18:05:35,005 - 1 - hummingbot.strategy.pure_market_making.pure_market_making - INFO - (FIRO-BTC) Cancelling the limit order x-XEKWYICX-BFOBC1627409105002148. [clock=2021-07-27 18:05:35+00:00]
2021-07-27 18:05:35,236 - 1 - hummingbot.connector.exchange.binance.binance_exchange - INFO - Successfully cancelled order x-XEKWYICX-BFOBC1627409105002049.
2021-07-27 18:05:35,252 - 1 - hummingbot.core.event.event_reporter - EVENT_LOG - {"timestamp": 1627409135.0, "order_id": "x-XEKWYICX-BFOBC1627409105002049", "exchange_order_id": null, "event_name": "OrderCancelledEvent", "event_source": "binance"}
2021-07-27 18:05:35,737 - 1 - hummingbot.connector.exchange.binance.binance_exchange - INFO - Successfully cancelled order x-XEKWYICX-BFOBC1627409105002121.
2021-07-27 18:05:35,753 - 1 - hummingbot.core.event.event_reporter - EVENT_LOG - {"timestamp": 1627409135.0, "order_id": "x-XEKWYICX-BFOBC1627409105002121", "exchange_order_id": null, "event_name": "OrderCancelledEvent", "event_source": "binance"}
2021-07-27 18:05:36,238 - 1 - hummingbot.connector.exchange.binance.binance_exchange - INFO - Successfully cancelled order x-XEKWYICX-BFOBC1627409105002148.
2021-07-27 18:05:36,252 - 1 - hummingbot.core.event.event_reporter - EVENT_LOG - {"timestamp": 1627409136.0, "order_id": "x-XEKWYICX-BFOBC1627409105002148", "exchange_order_id": null, "event_name": "OrderCancelledEvent", "event_source": "binance"}
2021-07-27 18:05:37,001 - 1 - hummingbot.strategy.pure_market_making.pure_market_making - INFO - (FIRO-BTC) Creating 3 bid orders at (Size, Price): ['17.6 FIRO, 0.0001276 BTC', '17.6 FIRO, 0.0001275 BTC', '17.6 FIRO, 0.0001273 BTC']
2021-07-27 18:05:37,680 - 1 - hummingbot.connector.exchange.binance.binance_exchange - INFO - Created LIMIT_MAKER BUY order x-XEKWYICX-BFOBC1627409137003929 for 17.60000000 FIRO-BTC.
2021-07-27 18:05:37,682 - 1 - hummingbot.core.event.event_reporter - EVENT_LOG - {"timestamp": 1627409137.0, "type": "OrderType.LIMIT_MAKER", "trading_pair": "FIRO-BTC", "amount": "17.60000000", "price": "0.00012760", "order_id": "x-XEKWYICX-BFOBC1627409137003929", "exchange_order_id": "32506159", "leverage": 1, "position": "NILL", "event_name": "BuyOrderCreatedEvent", "event_source": "binance"}
2021-07-27 18:05:38,180 - 1 - hummingbot.connector.exchange.binance.binance_exchange - INFO - Created LIMIT_MAKER BUY order x-XEKWYICX-BFOBC1627409137004006 for 17.60000000 FIRO-BTC.
2021-07-27 18:05:38,182 - 1 - hummingbot.core.event.event_reporter - EVENT_LOG - {"timestamp": 1627409138.0, "type": "OrderType.LIMIT_MAKER", "trading_pair": "FIRO-BTC", "amount": "17.60000000", "price": "0.00012750", "order_id": "x-XEKWYICX-BFOBC1627409137004006", "exchange_order_id": "32506157", "leverage": 1, "position": "NILL", "event_name": "BuyOrderCreatedEvent", "event_source": "binance"}
2021-07-27 18:05:38,682 - 1 - hummingbot.connector.exchange.binance.binance_exchange - INFO - Created LIMIT_MAKER BUY order x-XEKWYICX-BFOBC1627409137004033 for 17.60000000 FIRO-BTC.
2021-07-27 18:05:38,683 - 1 - hummingbot.core.event.event_reporter - EVENT_LOG - {"timestamp": 1627409138.0, "type": "OrderType.LIMIT_MAKER", "trading_pair": "FIRO-BTC", "amount": "17.60000000", "price": "0.00012730", "order_id": "x-XEKWYICX-BFOBC1627409137004033", "exchange_order_id": "32506158", "leverage": 1, "position": "NILL", "event_name": "BuyOrderCreatedEvent", "event_source": "binance"}
2021-07-27 18:06:37,002 - 1 - hummingbot.strategy.pure_market_making.pure_market_making - INFO - (FIRO-BTC) Cancelling the limit order x-XEKWYICX-BFOBC1627409137003929. [clock=2021-07-27 18:06:37+00:00]
2021-07-27 18:06:37,002 - 1 - hummingbot.strategy.pure_market_making.pure_market_making - INFO - (FIRO-BTC) Cancelling the limit order x-XEKWYICX-BFOBC1627409137004006. [clock=2021-07-27 18:06:37+00:00]
2021-07-27 18:06:37,003 - 1 - hummingbot.strategy.pure_market_making.pure_market_making - INFO - (FIRO-BTC) Cancelling the limit order x-XEKWYICX-BFOBC1627409137004033. [clock=2021-07-27 18:06:37+00:00]
2021-07-27 18:06:37,683 - 1 - hummingbot.connector.exchange.binance.binance_exchange - INFO - Successfully cancelled order x-XEKWYICX-BFOBC1627409137003929.
2021-07-27 18:06:37,698 - 1 - hummingbot.core.event.event_reporter - EVENT_LOG - {"timestamp": 1627409197.0, "order_id": "x-XEKWYICX-BFOBC1627409137003929", "exchange_order_id": null, "event_name": "OrderCancelledEvent", "event_source": "binance"}
2021-07-27 18:06:38,184 - 1 - hummingbot.connector.exchange.binance.binance_exchange - INFO - Successfully cancelled order x-XEKWYICX-BFOBC1627409137004006.
2021-07-27 18:06:38,195 - 1 - hummingbot.core.event.event_reporter - EVENT_LOG - {"timestamp": 1627409198.0, "order_id": "x-XEKWYICX-BFOBC1627409137004006", "exchange_order_id": null, "event_name": "OrderCancelledEvent", "event_source": "binance"}
2021-07-27 18:06:38,684 - 1 - hummingbot.connector.exchange.binance.binance_exchange - INFO - Successfully cancelled order x-XEKWYICX-BFOBC1627409137004033.
2021-07-27 18:06:38,697 - 1 - hummingbot.core.event.event_reporter - EVENT_LOG - {"timestamp": 1627409198.0, "order_id": "x-XEKWYICX-BFOBC1627409137004033", "exchange_order_id": null, "event_name": "OrderCancelledEvent", "event_source": "binance"}
2021-07-27 18:06:39,001 - 1 - hummingbot.strategy.pure_market_making.pure_market_making - INFO - (FIRO-BTC) Creating 3 bid orders at (Size, Price): ['17.6 FIRO, 0.0001276 BTC', '17.6 FIRO, 0.0001274 BTC', '17.6 FIRO, 0.0001272 BTC']
2021-07-27 18:06:39,711 - 1 - hummingbot.connector.exchange.binance.binance_exchange - INFO - Created LIMIT_MAKER BUY order x-XEKWYICX-BFOBC1627409199001631 for 17.60000000 FIRO-BTC.
2021-07-27 18:06:39,715 - 1 - hummingbot.core.event.event_reporter - EVENT_LOG - {"timestamp": 1627409199.0, "type": "OrderType.LIMIT_MAKER", "trading_pair": "FIRO-BTC", "amount": "17.60000000", "price": "0.00012760", "order_id": "x-XEKWYICX-BFOBC1627409199001631", "exchange_order_id": "32506239", "leverage": 1, "position": "NILL", "event_name": "BuyOrderCreatedEvent", "event_source": "binance"}
2021-07-27 18:06:40,212 - 1 - hummingbot.connector.exchange.binance.binance_exchange - INFO - Created LIMIT_MAKER BUY order x-XEKWYICX-BFOBC1627409199001701 for 17.60000000 FIRO-BTC.
2021-07-27 18:06:40,213 - 1 - hummingbot.core.event.event_reporter - EVENT_LOG - {"timestamp": 1627409200.0, "type": "OrderType.LIMIT_MAKER", "trading_pair": "FIRO-BTC", "amount": "17.60000000", "price": "0.00012740", "order_id": "x-XEKWYICX-BFOBC1627409199001701", "exchange_order_id": "32506238", "leverage": 1, "position": "NILL", "event_name": "BuyOrderCreatedEvent", "event_source": "binance"}
2021-07-27 18:06:40,713 - 1 - hummingbot.connector.exchange.binance.binance_exchange - INFO - Created LIMIT_MAKER BUY order x-XEKWYICX-BFOBC1627409199001726 for 17.60000000 FIRO-BTC.
2021-07-27 18:06:40,717 - 1 - hummingbot.core.event.event_reporter - EVENT_LOG - {"timestamp": 1627409200.0, "type": "OrderType.LIMIT_MAKER", "trading_pair": "FIRO-BTC", "amount": "17.60000000", "price": "0.00012720", "order_id": "x-XEKWYICX-BFOBC1627409199001726", "exchange_order_id": "32506237", "leverage": 1, "position": "NILL", "event_name": "BuyOrderCreatedEvent", "event_source": "binance"}
2021-07-27 18:07:09,001 - 1 - hummingbot.strategy.pure_market_making.pure_market_making - INFO - (FIRO-BTC) Cancelling the limit order x-XEKWYICX-BFOBC1627409199001631. [clock=2021-07-27 18:07:09+00:00]
2021-07-27 18:07:09,003 - 1 - hummingbot.strategy.pure_market_making.pure_market_making - INFO - (FIRO-BTC) Cancelling the limit order x-XEKWYICX-BFOBC1627409199001701. [clock=2021-07-27 18:07:09+00:00]
2021-07-27 18:07:09,005 - 1 - hummingbot.strategy.pure_market_making.pure_market_making - INFO - (FIRO-BTC) Cancelling the limit order x-XEKWYICX-BFOBC1627409199001726. [clock=2021-07-27 18:07:09+00:00]
2021-07-27 18:07:09,249 - 1 - hummingbot.connector.exchange.binance.binance_exchange - INFO - Successfully cancelled order x-XEKWYICX-BFOBC1627409199001631.
2021-07-27 18:07:09,263 - 1 - hummingbot.core.event.event_reporter - EVENT_LOG - {"timestamp": 1627409229.0, "order_id": "x-XEKWYICX-BFOBC1627409199001631", "exchange_order_id": null, "event_name": "OrderCancelledEvent", "event_source": "binance"}
2021-07-27 18:07:09,749 - 1 - hummingbot.connector.exchange.binance.binance_exchange - INFO - Successfully cancelled order x-XEKWYICX-BFOBC1627409199001701.
2021-07-27 18:07:09,763 - 1 - hummingbot.core.event.event_reporter - EVENT_LOG - {"timestamp": 1627409229.0, "order_id": "x-XEKWYICX-BFOBC1627409199001701", "exchange_order_id": null, "event_name": "OrderCancelledEvent", "event_source": "binance"}
2021-07-27 18:07:10,251 - 1 - hummingbot.connector.exchange.binance.binance_exchange - INFO - Successfully cancelled order x-XEKWYICX-BFOBC1627409199001726.
2021-07-27 18:07:10,262 - 1 - hummingbot.core.event.event_reporter - EVENT_LOG - {"timestamp": 1627409230.0, "order_id": "x-XEKWYICX-BFOBC1627409199001726", "exchange_order_id": null, "event_name": "OrderCancelledEvent", "event_source": "binance"}
2021-07-27 18:07:11,001 - 1 - hummingbot.strategy.pure_market_making.pure_market_making - INFO - (FIRO-BTC) Creating 3 bid orders at (Size, Price): ['17.6 FIRO, 0.0001277 BTC', '17.6 FIRO, 0.0001275 BTC', '17.6 FIRO, 0.0001273 BTC']
2021-07-27 18:07:11,236 - 1 - hummingbot.connector.exchange.binance.binance_exchange - INFO - Created LIMIT_MAKER BUY order x-XEKWYICX-BFOBC1627409231003389 for 17.60000000 FIRO-BTC.
2021-07-27 18:07:11,238 - 1 - hummingbot.core.event.event_reporter - EVENT_LOG - {"timestamp": 1627409231.0, "type": "OrderType.LIMIT_MAKER", "trading_pair": "FIRO-BTC", "amount": "17.60000000", "price": "0.00012770", "order_id": "x-XEKWYICX-BFOBC1627409231003389", "exchange_order_id": "32506258", "leverage": 1, "position": "NILL", "event_name": "BuyOrderCreatedEvent", "event_source": "binance"}
2021-07-27 18:07:11,737 - 1 - hummingbot.connector.exchange.binance.binance_exchange - INFO - Created LIMIT_MAKER BUY order x-XEKWYICX-BFOBC1627409231003465 for 17.60000000 FIRO-BTC.
2021-07-27 18:07:11,739 - 1 - hummingbot.core.event.event_reporter - EVENT_LOG - {"timestamp": 1627409231.0, "type": "OrderType.LIMIT_MAKER", "trading_pair": "FIRO-BTC", "amount": "17.60000000", "price": "0.00012750", "order_id": "x-XEKWYICX-BFOBC1627409231003465", "exchange_order_id": "32506260", "leverage": 1, "position": "NILL", "event_name": "BuyOrderCreatedEvent", "event_source": "binance"}
2021-07-27 18:07:12,238 - 1 - hummingbot.connector.exchange.binance.binance_exchange - INFO - Created LIMIT_MAKER BUY order x-XEKWYICX-BFOBC1627409231003493 for 17.60000000 FIRO-BTC.
2021-07-27 18:07:12,239 - 1 - hummingbot.core.event.event_reporter - EVENT_LOG - {"timestamp": 1627409232.0, "type": "OrderType.LIMIT_MAKER", "trading_pair": "FIRO-BTC", "amount": "17.60000000", "price": "0.00012730", "order_id": "x-XEKWYICX-BFOBC1627409231003493", "exchange_order_id": "32506259", "leverage": 1, "position": "NILL", "event_name": "BuyOrderCreatedEvent", "event_source": "binance"}
2021-07-27 18:07:41,001 - 1 - hummingbot.strategy.pure_market_making.pure_market_making - INFO - (FIRO-BTC) Cancelling the limit order x-XEKWYICX-BFOBC1627409231003389. [clock=2021-07-27 18:07:41+00:00]
2021-07-27 18:07:41,003 - 1 - hummingbot.strategy.pure_market_making.pure_market_making - INFO - (FIRO-BTC) Cancelling the limit order x-XEKWYICX-BFOBC1627409231003465. [clock=2021-07-27 18:07:41+00:00]
2021-07-27 18:07:41,004 - 1 - hummingbot.strategy.pure_market_making.pure_market_making - INFO - (FIRO-BTC) Cancelling the limit order x-XEKWYICX-BFOBC1627409231003493. [clock=2021-07-27 18:07:41+00:00]
2021-07-27 18:07:41,241 - 1 - hummingbot.connector.exchange.binance.binance_exchange - INFO - Successfully cancelled order x-XEKWYICX-BFOBC1627409231003389.
2021-07-27 18:07:41,254 - 1 - hummingbot.core.event.event_reporter - EVENT_LOG - {"timestamp": 1627409261.0, "order_id": "x-XEKWYICX-BFOBC1627409231003389", "exchange_order_id": null, "event_name": "OrderCancelledEvent", "event_source": "binance"}
2021-07-27 18:07:41,742 - 1 - hummingbot.connector.exchange.binance.binance_exchange - INFO - Successfully cancelled order x-XEKWYICX-BFOBC1627409231003465.
2021-07-27 18:07:41,756 - 1 - hummingbot.core.event.event_reporter - EVENT_LOG - {"timestamp": 1627409261.0, "order_id": "x-XEKWYICX-BFOBC1627409231003465", "exchange_order_id": null, "event_name": "OrderCancelledEvent", "event_source": "binance"}
2021-07-27 18:07:42,243 - 1 - hummingbot.connector.exchange.binance.binance_exchange - INFO - Successfully cancelled order x-XEKWYICX-BFOBC1627409231003493.
2021-07-27 18:07:42,254 - 1 - hummingbot.core.event.event_reporter - EVENT_LOG - {"timestamp": 1627409262.0, "order_id": "x-XEKWYICX-BFOBC1627409231003493", "exchange_order_id": null, "event_name": "OrderCancelledEvent", "event_source": "binance"}
2021-07-27 18:07:43,001 - 1 - hummingbot.strategy.pure_market_making.pure_market_making - INFO - (FIRO-BTC) Creating 3 bid orders at (Size, Price): ['17.6 FIRO, 0.0001277 BTC', '17.6 FIRO, 0.0001276 BTC', '17.6 FIRO, 0.0001274 BTC']
2021-07-27 18:07:43,677 - 1 - hummingbot.connector.exchange.binance.binance_exchange - INFO - Created LIMIT_MAKER BUY order x-XEKWYICX-BFOBC1627409263003960 for 17.60000000 FIRO-BTC.
2021-07-27 18:07:43,680 - 1 - hummingbot.core.event.event_reporter - EVENT_LOG - {"timestamp": 1627409263.0, "type": "OrderType.LIMIT_MAKER", "trading_pair": "FIRO-BTC", "amount": "17.60000000", "price": "0.00012770", "order_id": "x-XEKWYICX-BFOBC1627409263003960", "exchange_order_id": "32506294", "leverage": 1, "position": "NILL", "event_name": "BuyOrderCreatedEvent", "event_source": "binance"}
2021-07-27 18:07:44,178 - 1 - hummingbot.connector.exchange.binance.binance_exchange - INFO - Created LIMIT_MAKER BUY order x-XEKWYICX-BFOBC1627409263004040 for 17.60000000 FIRO-BTC.
2021-07-27 18:07:44,180 - 1 - hummingbot.core.event.event_reporter - EVENT_LOG - {"timestamp": 1627409264.0, "type": "OrderType.LIMIT_MAKER", "trading_pair": "FIRO-BTC", "amount": "17.60000000", "price": "0.00012760", "order_id": "x-XEKWYICX-BFOBC1627409263004040", "exchange_order_id": "32506292", "leverage": 1, "position": "NILL", "event_name": "BuyOrderCreatedEvent", "event_source": "binance"}
2021-07-27 18:07:44,678 - 1 - hummingbot.connector.exchange.binance.binance_exchange - INFO - Created LIMIT_MAKER BUY order x-XEKWYICX-BFOBC1627409263004067 for 17.60000000 FIRO-BTC.
2021-07-27 18:07:44,681 - 1 - hummingbot.core.event.event_reporter - EVENT_LOG - {"timestamp": 1627409264.0, "type": "OrderType.LIMIT_MAKER", "trading_pair": "FIRO-BTC", "amount": "17.60000000", "price": "0.00012740", "order_id": "x-XEKWYICX-BFOBC1627409263004067", "exchange_order_id": "32506291", "leverage": 1, "position": "NILL", "event_name": "BuyOrderCreatedEvent", "event_source": "binance"}
2021-07-27 18:09:13,001 - 1 - hummingbot.strategy.pure_market_making.pure_market_making - INFO - (FIRO-BTC) Cancelling the limit order x-XEKWYICX-BFOBC1627409263003960. [clock=2021-07-27 18:09:13+00:00]
2021-07-27 18:09:13,004 - 1 - hummingbot.strategy.pure_market_making.pure_market_making - INFO - (FIRO-BTC) Cancelling the limit order x-XEKWYICX-BFOBC1627409263004040. [clock=2021-07-27 18:09:13+00:00]
2021-07-27 18:09:13,006 - 1 - hummingbot.strategy.pure_market_making.pure_market_making - INFO - (FIRO-BTC) Cancelling the limit order x-XEKWYICX-BFOBC1627409263004067. [clock=2021-07-27 18:09:13+00:00]
2021-07-27 18:09:13,681 - 1 - hummingbot.connector.exchange.binance.binance_exchange - INFO - Successfully cancelled order x-XEKWYICX-BFOBC1627409263003960.
2021-07-27 18:09:13,694 - 1 - hummingbot.core.event.event_reporter - EVENT_LOG - {"timestamp": 1627409353.0, "order_id": "x-XEKWYICX-BFOBC1627409263003960", "exchange_order_id": null, "event_name": "OrderCancelledEvent", "event_source": "binance"}
2021-07-27 18:09:14,182 - 1 - hummingbot.connector.exchange.binance.binance_exchange - INFO - Successfully cancelled order x-XEKWYICX-BFOBC1627409263004040.
2021-07-27 18:09:14,196 - 1 - hummingbot.core.event.event_reporter - EVENT_LOG - {"timestamp": 1627409354.0, "order_id": "x-XEKWYICX-BFOBC1627409263004040", "exchange_order_id": null, "event_name": "OrderCancelledEvent", "event_source": "binance"}
2021-07-27 18:09:14,683 - 1 - hummingbot.connector.exchange.binance.binance_exchange - INFO - Successfully cancelled order x-XEKWYICX-BFOBC1627409263004067.
2021-07-27 18:09:14,696 - 1 - hummingbot.core.event.event_reporter - EVENT_LOG - {"timestamp": 1627409354.0, "order_id": "x-XEKWYICX-BFOBC1627409263004067", "exchange_order_id": null, "event_name": "OrderCancelledEvent", "event_source": "binance"}
2021-07-27 18:09:15,001 - 1 - hummingbot.strategy.pure_market_making.pure_market_making - INFO - (FIRO-BTC) Creating 3 bid orders at (Size, Price): ['17.6 FIRO, 0.0001277 BTC', '17.6 FIRO, 0.0001275 BTC', '17.6 FIRO, 0.0001273 BTC']
2021-07-27 18:09:15,251 - 1 - hummingbot.connector.exchange.binance.binance_exchange - INFO - Created LIMIT_MAKER BUY order x-XEKWYICX-BFOBC1627409355001719 for 17.60000000 FIRO-BTC.
2021-07-27 18:09:15,254 - 1 - hummingbot.core.event.event_reporter - EVENT_LOG - {"timestamp": 1627409355.0, "type": "OrderType.LIMIT_MAKER", "trading_pair": "FIRO-BTC", "amount": "17.60000000", "price": "0.00012770", "order_id": "x-XEKWYICX-BFOBC1627409355001719", "exchange_order_id": "32506360", "leverage": 1, "position": "NILL", "event_name": "BuyOrderCreatedEvent", "event_source": "binance"}
2021-07-27 18:09:15,752 - 1 - hummingbot.connector.exchange.binance.binance_exchange - INFO - Created LIMIT_MAKER BUY order x-XEKWYICX-BFOBC1627409355001788 for 17.60000000 FIRO-BTC.
2021-07-27 18:09:15,754 - 1 - hummingbot.core.event.event_reporter - EVENT_LOG - {"timestamp": 1627409355.0, "type": "OrderType.LIMIT_MAKER", "trading_pair": "FIRO-BTC", "amount": "17.60000000", "price": "0.00012750", "order_id": "x-XEKWYICX-BFOBC1627409355001788", "exchange_order_id": "32506358", "leverage": 1, "position": "NILL", "event_name": "BuyOrderCreatedEvent", "event_source": "binance"}
2021-07-27 18:09:16,253 - 1 - hummingbot.connector.exchange.binance.binance_exchange - INFO - Created LIMIT_MAKER BUY order x-XEKWYICX-BFOBC1627409355001814 for 17.60000000 FIRO-BTC.
2021-07-27 18:09:16,256 - 1 - hummingbot.core.event.event_reporter - EVENT_LOG - {"timestamp": 1627409356.0, "type": "OrderType.LIMIT_MAKER", "trading_pair": "FIRO-BTC", "amount": "17.60000000", "price": "0.00012730", "order_id": "x-XEKWYICX-BFOBC1627409355001814", "exchange_order_id": "32506359", "leverage": 1, "position": "NILL", "event_name": "BuyOrderCreatedEvent", "event_source": "binance"}
2021-07-27 18:10:15,001 - 1 - hummingbot.strategy.pure_market_making.pure_market_making - INFO - (FIRO-BTC) Cancelling the limit order x-XEKWYICX-BFOBC1627409355001719. [clock=2021-07-27 18:10:15+00:00]
2021-07-27 18:10:15,003 - 1 - hummingbot.strategy.pure_market_making.pure_market_making - INFO - (FIRO-BTC) Cancelling the limit order x-XEKWYICX-BFOBC1627409355001788. [clock=2021-07-27 18:10:15+00:00]
2021-07-27 18:10:15,005 - 1 - hummingbot.strategy.pure_market_making.pure_market_making - INFO - (FIRO-BTC) Cancelling the limit order x-XEKWYICX-BFOBC1627409355001814. [clock=2021-07-27 18:10:15+00:00]
2021-07-27 18:10:15,236 - 1 - hummingbot.connector.exchange.binance.binance_exchange - INFO - Successfully cancelled order x-XEKWYICX-BFOBC1627409355001719.
2021-07-27 18:10:15,252 - 1 - hummingbot.core.event.event_reporter - EVENT_LOG - {"timestamp": 1627409415.0, "order_id": "x-XEKWYICX-BFOBC1627409355001719", "exchange_order_id": null, "event_name": "OrderCancelledEvent", "event_source": "binance"}
2021-07-27 18:10:15,736 - 1 - hummingbot.connector.exchange.binance.binance_exchange - INFO - Successfully cancelled order x-XEKWYICX-BFOBC1627409355001788.
2021-07-27 18:10:15,752 - 1 - hummingbot.core.event.event_reporter - EVENT_LOG - {"timestamp": 1627409415.0, "order_id": "x-XEKWYICX-BFOBC1627409355001788", "exchange_order_id": null, "event_name": "OrderCancelledEvent", "event_source": "binance"}
2021-07-27 18:10:16,238 - 1 - hummingbot.connector.exchange.binance.binance_exchange - INFO - Successfully cancelled order x-XEKWYICX-BFOBC1627409355001814.
2021-07-27 18:10:16,248 - 1 - hummingbot.core.event.event_reporter - EVENT_LOG - {"timestamp": 1627409416.0, "order_id": "x-XEKWYICX-BFOBC1627409355001814", "exchange_order_id": null, "event_name": "OrderCancelledEvent", "event_source": "binance"}
2021-07-27 18:10:17,001 - 1 - hummingbot.strategy.pure_market_making.pure_market_making - INFO - (FIRO-BTC) Creating 3 bid orders at (Size, Price): ['17.6 FIRO, 0.0001276 BTC', '17.6 FIRO, 0.0001274 BTC', '17.6 FIRO, 0.0001272 BTC']
2021-07-27 18:10:17,239 - 1 - hummingbot.connector.exchange.binance.binance_exchange - INFO - Created LIMIT_MAKER BUY order x-XEKWYICX-BFOBC1627409417003589 for 17.60000000 FIRO-BTC.
2021-07-27 18:10:17,241 - 1 - hummingbot.core.event.event_reporter - EVENT_LOG - {"timestamp": 1627409417.0, "type": "OrderType.LIMIT_MAKER", "trading_pair": "FIRO-BTC", "amount": "17.60000000", "price": "0.00012760", "order_id": "x-XEKWYICX-BFOBC1627409417003589", "exchange_order_id": "32506424", "leverage": 1, "position": "NILL", "event_name": "BuyOrderCreatedEvent", "event_source": "binance"}
2021-07-27 18:10:17,739 - 1 - hummingbot.connector.exchange.binance.binance_exchange - INFO - Created LIMIT_MAKER BUY order x-XEKWYICX-BFOBC1627409417003662 for 17.60000000 FIRO-BTC.
2021-07-27 18:10:17,742 - 1 - hummingbot.core.event.event_reporter - EVENT_LOG - {"timestamp": 1627409417.0, "type": "OrderType.LIMIT_MAKER", "trading_pair": "FIRO-BTC", "amount": "17.60000000", "price": "0.00012740", "order_id": "x-XEKWYICX-BFOBC1627409417003662", "exchange_order_id": "32506425", "leverage": 1, "position": "NILL", "event_name": "BuyOrderCreatedEvent", "event_source": "binance"}
2021-07-27 18:10:18,240 - 1 - hummingbot.connector.exchange.binance.binance_exchange - INFO - Created LIMIT_MAKER BUY order x-XEKWYICX-BFOBC1627409417003688 for 17.60000000 FIRO-BTC.
2021-07-27 18:10:18,243 - 1 - hummingbot.core.event.event_reporter - EVENT_LOG - {"timestamp": 1627409418.0, "type": "OrderType.LIMIT_MAKER", "trading_pair": "FIRO-BTC", "amount": "17.60000000", "price": "0.00012720", "order_id": "x-XEKWYICX-BFOBC1627409417003688", "exchange_order_id": "32506423", "leverage": 1, "position": "NILL", "event_name": "BuyOrderCreatedEvent", "event_source": "binance"}
2021-07-27 18:11:17,001 - 1 - hummingbot.strategy.pure_market_making.pure_market_making - INFO - (FIRO-BTC) Cancelling the limit order x-XEKWYICX-BFOBC1627409417003589. [clock=2021-07-27 18:11:17+00:00]
2021-07-27 18:11:17,003 - 1 - hummingbot.strategy.pure_market_making.pure_market_making - INFO - (FIRO-BTC) Cancelling the limit order x-XEKWYICX-BFOBC1627409417003662. [clock=2021-07-27 18:11:17+00:00]
2021-07-27 18:11:17,005 - 1 - hummingbot.strategy.pure_market_making.pure_market_making - INFO - (FIRO-BTC) Cancelling the limit order x-XEKWYICX-BFOBC1627409417003688. [clock=2021-07-27 18:11:17+00:00]
2021-07-27 18:11:17,241 - 1 - hummingbot.connector.exchange.binance.binance_exchange - INFO - Successfully cancelled order x-XEKWYICX-BFOBC1627409417003589.
2021-07-27 18:11:17,255 - 1 - hummingbot.core.event.event_reporter - EVENT_LOG - {"timestamp": 1627409477.0, "order_id": "x-XEKWYICX-BFOBC1627409417003589", "exchange_order_id": null, "event_name": "OrderCancelledEvent", "event_source": "binance"}
2021-07-27 18:11:17,741 - 1 - hummingbot.connector.exchange.binance.binance_exchange - INFO - Successfully cancelled order x-XEKWYICX-BFOBC1627409417003662.
2021-07-27 18:11:17,755 - 1 - hummingbot.core.event.event_reporter - EVENT_LOG - {"timestamp": 1627409477.0, "order_id": "x-XEKWYICX-BFOBC1627409417003662", "exchange_order_id": null, "event_name": "OrderCancelledEvent", "event_source": "binance"}
2021-07-27 18:11:18,242 - 1 - hummingbot.connector.exchange.binance.binance_exchange - INFO - Successfully cancelled order x-XEKWYICX-BFOBC1627409417003688.
2021-07-27 18:11:18,256 - 1 - hummingbot.core.event.event_reporter - EVENT_LOG - {"timestamp": 1627409478.0, "order_id": "x-XEKWYICX-BFOBC1627409417003688", "exchange_order_id": null, "event_name": "OrderCancelledEvent", "event_source": "binance"}
2021-07-27 18:11:19,000 - 1 - hummingbot.strategy.pure_market_making.pure_market_making - INFO - (FIRO-BTC) Creating 3 bid orders at (Size, Price): ['17.6 FIRO, 0.0001281 BTC', '17.6 FIRO, 0.0001279 BTC', '17.6 FIRO, 0.0001277 BTC']
2021-07-27 18:11:19,243 - 1 - hummingbot.connector.exchange.binance.binance_exchange - INFO - Created LIMIT_MAKER BUY order x-XEKWYICX-BFOBC1627409479002741 for 17.60000000 FIRO-BTC.
2021-07-27 18:11:19,246 - 1 - hummingbot.core.event.event_reporter - EVENT_LOG - {"timestamp": 1627409479.0, "type": "OrderType.LIMIT_MAKER", "trading_pair": "FIRO-BTC", "amount": "17.60000000", "price": "0.00012810", "order_id": "x-XEKWYICX-BFOBC1627409479002741", "exchange_order_id": "32506512", "leverage": 1, "position": "NILL", "event_name": "BuyOrderCreatedEvent", "event_source": "binance"}
2021-07-27 18:11:19,744 - 1 - hummingbot.connector.exchange.binance.binance_exchange - INFO - Created LIMIT_MAKER BUY order x-XEKWYICX-BFOBC1627409479002811 for 17.60000000 FIRO-BTC.
2021-07-27 18:11:19,746 - 1 - hummingbot.core.event.event_reporter - EVENT_LOG - {"timestamp": 1627409479.0, "type": "OrderType.LIMIT_MAKER", "trading_pair": "FIRO-BTC", "amount": "17.60000000", "price": "0.00012790", "order_id": "x-XEKWYICX-BFOBC1627409479002811", "exchange_order_id": "32506514", "leverage": 1, "position": "NILL", "event_name": "BuyOrderCreatedEvent", "event_source": "binance"}
2021-07-27 18:11:20,244 - 1 - hummingbot.connector.exchange.binance.binance_exchange - INFO - Created LIMIT_MAKER BUY order x-XEKWYICX-BFOBC1627409479002836 for 17.60000000 FIRO-BTC.
2021-07-27 18:11:20,247 - 1 - hummingbot.core.event.event_reporter - EVENT_LOG - {"timestamp": 1627409480.0, "type": "OrderType.LIMIT_MAKER", "trading_pair": "FIRO-BTC", "amount": "17.60000000", "price": "0.00012770", "order_id": "x-XEKWYICX-BFOBC1627409479002836", "exchange_order_id": "32506513", "leverage": 1, "position": "NILL", "event_name": "BuyOrderCreatedEvent", "event_source": "binance"}
2021-07-27 18:12:49,010 - 1 - hummingbot.strategy.pure_market_making.pure_market_making - INFO - (FIRO-BTC) Cancelling the limit order x-XEKWYICX-BFOBC1627409479002741. [clock=2021-07-27 18:12:49+00:00]
2021-07-27 18:12:49,011 - 1 - hummingbot.strategy.pure_market_making.pure_market_making - INFO - (FIRO-BTC) Cancelling the limit order x-XEKWYICX-BFOBC1627409479002811. [clock=2021-07-27 18:12:49+00:00]
2021-07-27 18:12:49,012 - 1 - hummingbot.strategy.pure_market_making.pure_market_making - INFO - (FIRO-BTC) Cancelling the limit order x-XEKWYICX-BFOBC1627409479002836. [clock=2021-07-27 18:12:49+00:00]
2021-07-27 18:12:49,248 - 1 - hummingbot.connector.exchange.binance.binance_exchange - INFO - Successfully cancelled order x-XEKWYICX-BFOBC1627409479002741.
2021-07-27 18:12:49,271 - 1 - hummingbot.core.event.event_reporter - EVENT_LOG - {"timestamp": 1627409569.0, "order_id": "x-XEKWYICX-BFOBC1627409479002741", "exchange_order_id": null, "event_name": "OrderCancelledEvent", "event_source": "binance"}
2021-07-27 18:12:49,749 - 1 - hummingbot.connector.exchange.binance.binance_exchange - INFO - Successfully cancelled order x-XEKWYICX-BFOBC1627409479002811.
2021-07-27 18:12:49,764 - 1 - hummingbot.core.event.event_reporter - EVENT_LOG - {"timestamp": 1627409569.0, "order_id": "x-XEKWYICX-BFOBC1627409479002811", "exchange_order_id": null, "event_name": "OrderCancelledEvent", "event_source": "binance"}
2021-07-27 18:12:50,251 - 1 - hummingbot.connector.exchange.binance.binance_exchange - INFO - Successfully cancelled order x-XEKWYICX-BFOBC1627409479002836.
2021-07-27 18:12:50,264 - 1 - hummingbot.core.event.event_reporter - EVENT_LOG - {"timestamp": 1627409570.0, "order_id": "x-XEKWYICX-BFOBC1627409479002836", "exchange_order_id": null, "event_name": "OrderCancelledEvent", "event_source": "binance"}
2021-07-27 18:12:51,001 - 1 - hummingbot.strategy.pure_market_making.pure_market_making - INFO - (FIRO-BTC) Creating 3 bid orders at (Size, Price): ['17.6 FIRO, 0.0001281 BTC', '17.6 FIRO, 0.0001279 BTC', '17.6 FIRO, 0.0001278 BTC']
2021-07-27 18:12:51,237 - 1 - hummingbot.connector.exchange.binance.binance_exchange - INFO - Created LIMIT_MAKER BUY order x-XEKWYICX-BFOBC1627409571003241 for 17.60000000 FIRO-BTC.
2021-07-27 18:12:51,240 - 1 - hummingbot.core.event.event_reporter - EVENT_LOG - {"timestamp": 1627409571.0, "type": "OrderType.LIMIT_MAKER", "trading_pair": "FIRO-BTC", "amount": "17.60000000", "price": "0.00012810", "order_id": "x-XEKWYICX-BFOBC1627409571003241", "exchange_order_id": "32506555", "leverage": 1, "position": "NILL", "event_name": "BuyOrderCreatedEvent", "event_source": "binance"}
2021-07-27 18:12:51,739 - 1 - hummingbot.connector.exchange.binance.binance_exchange - INFO - Created LIMIT_MAKER BUY order x-XEKWYICX-BFOBC1627409571005379 for 17.60000000 FIRO-BTC.
2021-07-27 18:12:51,739 - 1 - hummingbot.core.event.event_reporter - EVENT_LOG - {"timestamp": 1627409571.0, "type": "OrderType.LIMIT_MAKER", "trading_pair": "FIRO-BTC", "amount": "17.60000000", "price": "0.00012790", "order_id": "x-XEKWYICX-BFOBC1627409571005379", "exchange_order_id": "32506556", "leverage": 1, "position": "NILL", "event_name": "BuyOrderCreatedEvent", "event_source": "binance"}
2021-07-27 18:12:52,239 - 1 - hummingbot.connector.exchange.binance.binance_exchange - INFO - Created LIMIT_MAKER BUY order x-XEKWYICX-BFOBC1627409571005420 for 17.60000000 FIRO-BTC.
2021-07-27 18:12:52,242 - 1 - hummingbot.core.event.event_reporter - EVENT_LOG - {"timestamp": 1627409572.0, "type": "OrderType.LIMIT_MAKER", "trading_pair": "FIRO-BTC", "amount": "17.60000000", "price": "0.00012780", "order_id": "x-XEKWYICX-BFOBC1627409571005420", "exchange_order_id": "32506557", "leverage": 1, "position": "NILL", "event_name": "BuyOrderCreatedEvent", "event_source": "binance"}
2021-07-27 18:13:21,001 - 1 - hummingbot.strategy.pure_market_making.pure_market_making - INFO - (FIRO-BTC) Cancelling the limit order x-XEKWYICX-BFOBC1627409571003241. [clock=2021-07-27 18:13:21+00:00]
2021-07-27 18:13:21,005 - 1 - hummingbot.strategy.pure_market_making.pure_market_making - INFO - (FIRO-BTC) Cancelling the limit order x-XEKWYICX-BFOBC1627409571005379. [clock=2021-07-27 18:13:21+00:00]
2021-07-27 18:13:21,005 - 1 - hummingbot.strategy.pure_market_making.pure_market_making - INFO - (FIRO-BTC) Cancelling the limit order x-XEKWYICX-BFOBC1627409571005420. [clock=2021-07-27 18:13:21+00:00]
2021-07-27 18:13:21,244 - 1 - hummingbot.connector.exchange.binance.binance_exchange - INFO - Successfully cancelled order x-XEKWYICX-BFOBC1627409571003241.
2021-07-27 18:13:21,257 - 1 - hummingbot.core.event.event_reporter - EVENT_LOG - {"timestamp": 1627409601.0, "order_id": "x-XEKWYICX-BFOBC1627409571003241", "exchange_order_id": null, "event_name": "OrderCancelledEvent", "event_source": "binance"}
2021-07-27 18:13:21,745 - 1 - hummingbot.connector.exchange.binance.binance_exchange - INFO - Successfully cancelled order x-XEKWYICX-BFOBC1627409571005379.
2021-07-27 18:13:21,755 - 1 - hummingbot.core.event.event_reporter - EVENT_LOG - {"timestamp": 1627409601.0, "order_id": "x-XEKWYICX-BFOBC1627409571005379", "exchange_order_id": null, "event_name": "OrderCancelledEvent", "event_source": "binance"}
2021-07-27 18:13:22,246 - 1 - hummingbot.connector.exchange.binance.binance_exchange - INFO - Successfully cancelled order x-XEKWYICX-BFOBC1627409571005420.
2021-07-27 18:13:22,259 - 1 - hummingbot.core.event.event_reporter - EVENT_LOG - {"timestamp": 1627409602.0, "order_id": "x-XEKWYICX-BFOBC1627409571005420", "exchange_order_id": null, "event_name": "OrderCancelledEvent", "event_source": "binance"}
2021-07-27 18:13:23,001 - 1 - hummingbot.strategy.pure_market_making.pure_market_making - INFO - (FIRO-BTC) Creating 3 bid orders at (Size, Price): ['17.6 FIRO, 0.0001282 BTC', '17.6 FIRO, 0.000128 BTC', '17.6 FIRO, 0.0001278 BTC']
2021-07-27 18:13:23,236 - 1 - hummingbot.connector.exchange.binance.binance_exchange - INFO - Created LIMIT_MAKER BUY order x-XEKWYICX-BFOBC1627409603003837 for 17.60000000 FIRO-BTC.
2021-07-27 18:13:23,238 - 1 - hummingbot.core.event.event_reporter - EVENT_LOG - {"timestamp": 1627409603.0, "type": "OrderType.LIMIT_MAKER", "trading_pair": "FIRO-BTC", "amount": "17.60000000", "price": "0.00012820", "order_id": "x-XEKWYICX-BFOBC1627409603003837", "exchange_order_id": "32506574", "leverage": 1, "position": "NILL", "event_name": "BuyOrderCreatedEvent", "event_source": "binance"}
2021-07-27 18:13:23,737 - 1 - hummingbot.connector.exchange.binance.binance_exchange - INFO - Created LIMIT_MAKER BUY order x-XEKWYICX-BFOBC1627409603003936 for 17.60000000 FIRO-BTC.
2021-07-27 18:13:23,737 - 1 - hummingbot.core.event.event_reporter - EVENT_LOG - {"timestamp": 1627409603.0, "type": "OrderType.LIMIT_MAKER", "trading_pair": "FIRO-BTC", "amount": "17.60000000", "price": "0.00012800", "order_id": "x-XEKWYICX-BFOBC1627409603003936", "exchange_order_id": "32506573", "leverage": 1, "position": "NILL", "event_name": "BuyOrderCreatedEvent", "event_source": "binance"}
2021-07-27 18:13:24,240 - 1 - hummingbot.connector.exchange.binance.binance_exchange - INFO - Created LIMIT_MAKER BUY order x-XEKWYICX-BFOBC1627409603003967 for 17.60000000 FIRO-BTC.
2021-07-27 18:13:24,244 - 1 - hummingbot.core.event.event_reporter - EVENT_LOG - {"timestamp": 1627409604.0, "type": "OrderType.LIMIT_MAKER", "trading_pair": "FIRO-BTC", "amount": "17.60000000", "price": "0.00012780", "order_id": "x-XEKWYICX-BFOBC1627409603003967", "exchange_order_id": "32506575", "leverage": 1, "position": "NILL", "event_name": "BuyOrderCreatedEvent", "event_source": "binance"}
2021-07-27 18:13:43,822 - 1 - hummingbot.client.hummingbot_application - INFO - stop command initiated.
2021-07-27 18:13:44,062 - 1 - hummingbot.connector.exchange.binance.binance_exchange - INFO - Successfully cancelled order x-XEKWYICX-BFOBC1627409603003837.
2021-07-27 18:13:44,076 - 1 - hummingbot.core.event.event_reporter - EVENT_LOG - {"timestamp": 1627409624.0, "order_id": "x-XEKWYICX-BFOBC1627409603003837", "exchange_order_id": null, "event_name": "OrderCancelledEvent", "event_source": "binance"}
2021-07-27 18:13:44,562 - 1 - hummingbot.connector.exchange.binance.binance_exchange - INFO - Successfully cancelled order x-XEKWYICX-BFOBC1627409603003936.
2021-07-27 18:13:44,577 - 1 - hummingbot.core.event.event_reporter - EVENT_LOG - {"timestamp": 1627409624.0, "order_id": "x-XEKWYICX-BFOBC1627409603003936", "exchange_order_id": null, "event_name": "OrderCancelledEvent", "event_source": "binance"}
2021-07-27 18:13:45,063 - 1 - hummingbot.connector.exchange.binance.binance_exchange - INFO - Successfully cancelled order x-XEKWYICX-BFOBC1627409603003967.
2021-07-27 18:13:45,079 - 1 - hummingbot.core.event.event_reporter - EVENT_LOG - {"timestamp": 1627409625.0, "order_id": "x-XEKWYICX-BFOBC1627409603003967", "exchange_order_id": null, "event_name": "OrderCancelledEvent", "event_source": "binance"}
2021-07-28 10:10:43,259 - 1 - hummingbot.client.hummingbot_application - INFO - start command initiated.
2021-07-28 10:10:43,518 - 1 - hummingbot.connector.exchange.binance.binance_exchange - INFO - Network status has changed to NetworkStatus.CONNECTED. Starting networking...
2021-07-28 10:10:43,915 - 1 - hummingbot.connector.exchange.binance.binance_order_book_tracker - INFO - Initialized order book for FIRO-BTC. 1/1 completed.
2021-07-28 10:10:43,934 - 1 - hummingbot.connector.exchange.binance.binance_api_user_stream_data_source - INFO - Reconnecting to wss://stream.binance.com:9443/ws/vclI9YDcmvotxiGuU8VvjMYlGSZnEokPqF4fDkxz9Doo7QSXMGIthvR5hxBb.
2021-07-28 10:10:45,003 - 1 - hummingbot.strategy.pure_market_making.pure_market_making - INFO - (FIRO-BTC) Creating 3 bid orders at (Size, Price): ['17.6 FIRO, 0.0001265 BTC', '17.6 FIRO, 0.0001263 BTC', '17.6 FIRO, 0.0001261 BTC']
2021-07-28 10:10:45,722 - 1 - hummingbot.connector.exchange.binance.binance_exchange - INFO - Created LIMIT_MAKER BUY order x-XEKWYICX-BFOBC1627467045005365 for 17.60000000 FIRO-BTC.
2021-07-28 10:10:45,739 - 1 - hummingbot.core.event.event_reporter - EVENT_LOG - {"timestamp": 1627467045.0, "type": "OrderType.LIMIT_MAKER", "trading_pair": "FIRO-BTC", "amount": "17.60000000", "price": "0.00012650", "order_id": "x-XEKWYICX-BFOBC1627467045005365", "exchange_order_id": "32537627", "leverage": 1, "position": "NILL", "event_name": "BuyOrderCreatedEvent", "event_source": "binance"}
2021-07-28 10:10:46,222 - 1 - hummingbot.connector.exchange.binance.binance_exchange - INFO - Created LIMIT_MAKER BUY order x-XEKWYICX-BFOBC1627467045005451 for 17.60000000 FIRO-BTC.
2021-07-28 10:10:46,235 - 1 - hummingbot.core.event.event_reporter - EVENT_LOG - {"timestamp": 1627467046.0, "type": "OrderType.LIMIT_MAKER", "trading_pair": "FIRO-BTC", "amount": "17.60000000", "price": "0.00012630", "order_id": "x-XEKWYICX-BFOBC1627467045005451", "exchange_order_id": "32537628", "leverage": 1, "position": "NILL", "event_name": "BuyOrderCreatedEvent", "event_source": "binance"}
2021-07-28 10:10:46,723 - 1 - hummingbot.connector.exchange.binance.binance_exchange - INFO - Created LIMIT_MAKER BUY order x-XEKWYICX-BFOBC1627467045005477 for 17.60000000 FIRO-BTC.
2021-07-28 10:10:46,735 - 1 - hummingbot.core.event.event_reporter - EVENT_LOG - {"timestamp": 1627467046.0, "type": "OrderType.LIMIT_MAKER", "trading_pair": "FIRO-BTC", "amount": "17.60000000", "price": "0.00012610", "order_id": "x-XEKWYICX-BFOBC1627467045005477", "exchange_order_id": "32537629", "leverage": 1, "position": "NILL", "event_name": "BuyOrderCreatedEvent", "event_source": "binance"}
2021-07-28 10:11:15,001 - 1 - hummingbot.strategy.pure_market_making.pure_market_making - INFO - (FIRO-BTC) Cancelling the limit order x-XEKWYICX-BFOBC1627467045005365. [clock=2021-07-28 10:11:15+00:00]
2021-07-28 10:11:15,004 - 1 - hummingbot.strategy.pure_market_making.pure_market_making - INFO - (FIRO-BTC) Cancelling the limit order x-XEKWYICX-BFOBC1627467045005451. [clock=2021-07-28 10:11:15+00:00]
2021-07-28 10:11:15,005 - 1 - hummingbot.strategy.pure_market_making.pure_market_making - INFO - (FIRO-BTC) Cancelling the limit order x-XEKWYICX-BFOBC1627467045005477. [clock=2021-07-28 10:11:15+00:00]
2021-07-28 10:11:15,725 - 1 - hummingbot.connector.exchange.binance.binance_exchange - INFO - Successfully cancelled order x-XEKWYICX-BFOBC1627467045005365.
2021-07-28 10:11:15,739 - 1 - hummingbot.core.event.event_reporter - EVENT_LOG - {"timestamp": 1627467075.0, "order_id": "x-XEKWYICX-BFOBC1627467045005365", "exchange_order_id": null, "event_name": "OrderCancelledEvent", "event_source": "binance"}
2021-07-28 10:11:16,226 - 1 - hummingbot.connector.exchange.binance.binance_exchange - INFO - Successfully cancelled order x-XEKWYICX-BFOBC1627467045005451.
2021-07-28 10:11:16,238 - 1 - hummingbot.core.event.event_reporter - EVENT_LOG - {"timestamp": 1627467076.0, "order_id": "x-XEKWYICX-BFOBC1627467045005451", "exchange_order_id": null, "event_name": "OrderCancelledEvent", "event_source": "binance"}
2021-07-28 10:11:16,727 - 1 - hummingbot.connector.exchange.binance.binance_exchange - INFO - Successfully cancelled order x-XEKWYICX-BFOBC1627467045005477.
2021-07-28 10:11:16,746 - 1 - hummingbot.core.event.event_reporter - EVENT_LOG - {"timestamp": 1627467076.0, "order_id": "x-XEKWYICX-BFOBC1627467045005477", "exchange_order_id": null, "event_name": "OrderCancelledEvent", "event_source": "binance"}
2021-07-28 10:11:17,009 - 1 - hummingbot.strategy.pure_market_making.pure_market_making - INFO - (FIRO-BTC) Creating 3 bid orders at (Size, Price): ['17.6 FIRO, 0.0001267 BTC', '17.6 FIRO, 0.0001265 BTC', '17.6 FIRO, 0.0001263 BTC']
2021-07-28 10:11:17,729 - 1 - hummingbot.connector.exchange.binance.binance_exchange - INFO - Created LIMIT_MAKER BUY order x-XEKWYICX-BFOBC1627467077010487 for 17.60000000 FIRO-BTC.
2021-07-28 10:11:17,742 - 1 - hummingbot.core.event.event_reporter - EVENT_LOG - {"timestamp": 1627467077.0, "type": "OrderType.LIMIT_MAKER", "trading_pair": "FIRO-BTC", "amount": "17.60000000", "price": "0.00012670", "order_id": "x-XEKWYICX-BFOBC1627467077010487", "exchange_order_id": "32537677", "leverage": 1, "position": "NILL", "event_name": "BuyOrderCreatedEvent", "event_source": "binance"}
2021-07-28 10:11:18,230 - 1 - hummingbot.connector.exchange.binance.binance_exchange - INFO - Created LIMIT_MAKER BUY order x-XEKWYICX-BFOBC1627467077010560 for 17.60000000 FIRO-BTC.
2021-07-28 10:11:18,244 - 1 - hummingbot.core.event.event_reporter - EVENT_LOG - {"timestamp": 1627467078.0, "type": "OrderType.LIMIT_MAKER", "trading_pair": "FIRO-BTC", "amount": "17.60000000", "price": "0.00012650", "order_id": "x-XEKWYICX-BFOBC1627467077010560", "exchange_order_id": "32537676", "leverage": 1, "position": "NILL", "event_name": "BuyOrderCreatedEvent", "event_source": "binance"}
2021-07-28 10:11:18,731 - 1 - hummingbot.connector.exchange.binance.binance_exchange - INFO - Created LIMIT_MAKER BUY order x-XEKWYICX-BFOBC1627467077010588 for 17.60000000 FIRO-BTC.
2021-07-28 10:11:18,744 - 1 - hummingbot.core.event.event_reporter - EVENT_LOG - {"timestamp": 1627467078.0, "type": "OrderType.LIMIT_MAKER", "trading_pair": "FIRO-BTC", "amount": "17.60000000", "price": "0.00012630", "order_id": "x-XEKWYICX-BFOBC1627467077010588", "exchange_order_id": "32537675", "leverage": 1, "position": "NILL", "event_name": "BuyOrderCreatedEvent", "event_source": "binance"}
2021-07-28 10:11:25,483 - 1 - hummingbot.client.hummingbot_application - INFO - stop command initiated.
2021-07-28 10:11:26,172 - 1 - hummingbot.connector.exchange.binance.binance_exchange - INFO - Successfully cancelled order x-XEKWYICX-BFOBC1627467077010487.
2021-07-28 10:11:26,185 - 1 - hummingbot.core.event.event_reporter - EVENT_LOG - {"timestamp": 1627467086.0, "order_id": "x-XEKWYICX-BFOBC1627467077010487", "exchange_order_id": null, "event_name": "OrderCancelledEvent", "event_source": "binance"}
2021-07-28 10:11:26,672 - 1 - hummingbot.connector.exchange.binance.binance_exchange - INFO - Successfully cancelled order x-XEKWYICX-BFOBC1627467077010560.
2021-07-28 10:11:26,684 - 1 - hummingbot.core.event.event_reporter - EVENT_LOG - {"timestamp": 1627467086.0, "order_id": "x-XEKWYICX-BFOBC1627467077010560", "exchange_order_id": null, "event_name": "OrderCancelledEvent", "event_source": "binance"}
2021-07-28 10:11:27,173 - 1 - hummingbot.connector.exchange.binance.binance_exchange - INFO - Successfully cancelled order x-XEKWYICX-BFOBC1627467077010588.
2021-07-28 10:11:27,182 - 1 - hummingbot.core.event.event_reporter - EVENT_LOG - {"timestamp": 1627467087.0, "order_id": "x-XEKWYICX-BFOBC1627467077010588", "exchange_order_id": null, "event_name": "OrderCancelledEvent", "event_source": "binance"}
2021-07-28 10:13:12,327 - 1 - hummingbot.client.hummingbot_application - ERROR - list index out of range
Traceback (most recent call last):
  File "/home/hummingbot/hummingbot/client/hummingbot_application.py", line 142, in _handle_command
    if command_split[0] == s['command']:
IndexError: list index out of range
2021-07-28 10:13:12,791 - 1 - hummingbot.client.hummingbot_application - ERROR - list index out of range
Traceback (most recent call last):
  File "/home/hummingbot/hummingbot/client/hummingbot_application.py", line 142, in _handle_command
    if command_split[0] == s['command']:
IndexError: list index out of range
